CRITICAL - 2023-05-30 04:37:20 --> Argument 1 passed to CodeIgniter\HTTP\RedirectResponse::back() must be of the type int or null, string given, called in C:\wamp\www\BeSeen\app\Filters\isAdminFilter.php on line 14
in SYSTEMPATH\HTTP\RedirectResponse.php on line 74.
 1 APPPATH\Filters\isAdminFilter.php(14): CodeIgniter\HTTP\RedirectResponse->back('/admin')
 2 SYSTEMPATH\Filters\Filters.php(173): App\Filters\isAdminFilter->before(Object(CodeIgniter\HTTP\IncomingRequest), null)
 3 SYSTEMPATH\CodeIgniter.php(473): CodeIgniter\Filters\Filters->run('dashboard', 'before')
 4 SYSTEMPATH\CodeIgniter.php(368): CodeIgniter\CodeIgniter->handleRequest(null, Object(Config\Cache), false)
 5 FCPATH\index.php(67): CodeIgniter\CodeIgniter->run()
CRITICAL - 2023-05-30 04:45:43 --> Argument 1 passed to CodeIgniter\HTTP\RedirectResponse::back() must be of the type int or null, string given, called in C:\wamp\www\BeSeen\app\Filters\isAdminFilter.php on line 14
in SYSTEMPATH\HTTP\RedirectResponse.php on line 74.
 1 APPPATH\Filters\isAdminFilter.php(14): CodeIgniter\HTTP\RedirectResponse->back('/admin')
 2 SYSTEMPATH\Filters\Filters.php(173): App\Filters\isAdminFilter->before(Object(CodeIgniter\HTTP\IncomingRequest), null)
 3 SYSTEMPATH\CodeIgniter.php(473): CodeIgniter\Filters\Filters->run('dashboard', 'before')
 4 SYSTEMPATH\CodeIgniter.php(368): CodeIgniter\CodeIgniter->handleRequest(null, Object(Config\Cache), false)
 5 FCPATH\index.php(67): CodeIgniter\CodeIgniter->run()
CRITICAL - 2023-05-30 04:45:45 --> Argument 1 passed to CodeIgniter\HTTP\RedirectResponse::back() must be of the type int or null, string given, called in C:\wamp\www\BeSeen\app\Filters\isAdminFilter.php on line 14
in SYSTEMPATH\HTTP\RedirectResponse.php on line 74.
 1 APPPATH\Filters\isAdminFilter.php(14): CodeIgniter\HTTP\RedirectResponse->back('/admin')
 2 SYSTEMPATH\Filters\Filters.php(173): App\Filters\isAdminFilter->before(Object(CodeIgniter\HTTP\IncomingRequest), null)
 3 SYSTEMPATH\CodeIgniter.php(473): CodeIgniter\Filters\Filters->run('dashboard', 'before')
 4 SYSTEMPATH\CodeIgniter.php(368): CodeIgniter\CodeIgniter->handleRequest(null, Object(Config\Cache), false)
 5 FCPATH\index.php(67): CodeIgniter\CodeIgniter->run()
CRITICAL - 2023-05-30 04:45:46 --> Argument 1 passed to CodeIgniter\HTTP\RedirectResponse::back() must be of the type int or null, string given, called in C:\wamp\www\BeSeen\app\Filters\isAdminFilter.php on line 14
in SYSTEMPATH\HTTP\RedirectResponse.php on line 74.
 1 APPPATH\Filters\isAdminFilter.php(14): CodeIgniter\HTTP\RedirectResponse->back('/admin')
 2 SYSTEMPATH\Filters\Filters.php(173): App\Filters\isAdminFilter->before(Object(CodeIgniter\HTTP\IncomingRequest), null)
 3 SYSTEMPATH\CodeIgniter.php(473): CodeIgniter\Filters\Filters->run('dashboard', 'before')
 4 SYSTEMPATH\CodeIgniter.php(368): CodeIgniter\CodeIgniter->handleRequest(null, Object(Config\Cache), false)
 5 FCPATH\index.php(67): CodeIgniter\CodeIgniter->run()
CRITICAL - 2023-05-30 05:25:27 --> Call to a member function getResult() on null
in APPPATH\Views\admin\alluser_details.php on line 60.
 1 SYSTEMPATH\View\View.php(213): include()
 2 SYSTEMPATH\View\View.php(216): CodeIgniter\View\View->CodeIgniter\View\{closure}()
 3 SYSTEMPATH\Common.php(1184): CodeIgniter\View\View->render('admin/alluser_details', [], true)
 4 APPPATH\Controllers\AdminDashboard.php(19): view('admin/alluser_details', [...])
 5 SYSTEMPATH\CodeIgniter.php(934): App\Controllers\AdminDashboard->users_list()
 6 SYSTEMPATH\CodeIgniter.php(499): CodeIgniter\CodeIgniter->runController(Object(App\Controllers\AdminDashboard))
 7 SYSTEMPATH\CodeIgniter.php(368): CodeIgniter\CodeIgniter->handleRequest(null, Object(Config\Cache), false)
 8 FCPATH\index.php(67): CodeIgniter\CodeIgniter->run()
CRITICAL - 2023-05-30 05:32:55 --> Class 'App\Controllers\UsersModel' not found
in APPPATH\Controllers\AdminDashboard.php on line 14.
 1 SYSTEMPATH\CodeIgniter.php(906): App\Controllers\AdminDashboard->__construct()
 2 SYSTEMPATH\CodeIgniter.php(490): CodeIgniter\CodeIgniter->createController()
 3 SYSTEMPATH\CodeIgniter.php(368): CodeIgniter\CodeIgniter->handleRequest(null, Object(Config\Cache), false)
 4 FCPATH\index.php(67): CodeIgniter\CodeIgniter->run()
CRITICAL - 2023-05-30 05:32:57 --> Class 'App\Controllers\UsersModel' not found
in APPPATH\Controllers\AdminDashboard.php on line 14.
 1 SYSTEMPATH\CodeIgniter.php(906): App\Controllers\AdminDashboard->__construct()
 2 SYSTEMPATH\CodeIgniter.php(490): CodeIgniter\CodeIgniter->createController()
 3 SYSTEMPATH\CodeIgniter.php(368): CodeIgniter\CodeIgniter->handleRequest(null, Object(Config\Cache), false)
 4 FCPATH\index.php(67): CodeIgniter\CodeIgniter->run()
CRITICAL - 2023-05-30 05:33:20 --> Class 'App\Controllers\UsersModel' not found
in APPPATH\Controllers\AdminDashboard.php on line 14.
 1 SYSTEMPATH\CodeIgniter.php(906): App\Controllers\AdminDashboard->__construct()
 2 SYSTEMPATH\CodeIgniter.php(490): CodeIgniter\CodeIgniter->createController()
 3 SYSTEMPATH\CodeIgniter.php(368): CodeIgniter\CodeIgniter->handleRequest(null, Object(Config\Cache), false)
 4 FCPATH\index.php(67): CodeIgniter\CodeIgniter->run()
CRITICAL - 2023-05-30 05:34:08 --> Class 'App\Controllers\UsersModel' not found
in APPPATH\Controllers\AdminDashboard.php on line 14.
 1 SYSTEMPATH\CodeIgniter.php(906): App\Controllers\AdminDashboard->__construct()
 2 SYSTEMPATH\CodeIgniter.php(490): CodeIgniter\CodeIgniter->createController()
 3 SYSTEMPATH\CodeIgniter.php(368): CodeIgniter\CodeIgniter->handleRequest(null, Object(Config\Cache), false)
 4 FCPATH\index.php(67): CodeIgniter\CodeIgniter->run()
CRITICAL - 2023-05-30 05:37:17 --> Class 'App\Models\UsersModel' not found
in APPPATH\Controllers\AdminDashboard.php on line 16.
 1 SYSTEMPATH\CodeIgniter.php(934): App\Controllers\AdminDashboard->users_list()
 2 SYSTEMPATH\CodeIgniter.php(499): CodeIgniter\CodeIgniter->runController(Object(App\Controllers\AdminDashboard))
 3 SYSTEMPATH\CodeIgniter.php(368): CodeIgniter\CodeIgniter->handleRequest(null, Object(Config\Cache), false)
 4 FCPATH\index.php(67): CodeIgniter\CodeIgniter->run()
CRITICAL - 2023-05-30 05:43:59 --> Class 'App\Models\UsersModel' not found
in APPPATH\Controllers\AdminDashboard.php on line 16.
 1 SYSTEMPATH\CodeIgniter.php(934): App\Controllers\AdminDashboard->users_list()
 2 SYSTEMPATH\CodeIgniter.php(499): CodeIgniter\CodeIgniter->runController(Object(App\Controllers\AdminDashboard))
 3 SYSTEMPATH\CodeIgniter.php(368): CodeIgniter\CodeIgniter->handleRequest(null, Object(Config\Cache), false)
 4 FCPATH\index.php(67): CodeIgniter\CodeIgniter->run()
CRITICAL - 2023-05-30 05:44:09 --> Class 'App\Models\UsersModel' not found
in APPPATH\Controllers\AdminDashboard.php on line 16.
 1 SYSTEMPATH\CodeIgniter.php(934): App\Controllers\AdminDashboard->users_list()
 2 SYSTEMPATH\CodeIgniter.php(499): CodeIgniter\CodeIgniter->runController(Object(App\Controllers\AdminDashboard))
 3 SYSTEMPATH\CodeIgniter.php(368): CodeIgniter\CodeIgniter->handleRequest(null, Object(Config\Cache), false)
 4 FCPATH\index.php(67): CodeIgniter\CodeIgniter->run()
CRITICAL - 2023-05-30 05:47:17 --> Class 'App\Models\UsersModel' not found
in APPPATH\Controllers\AdminDashboard.php on line 16.
 1 SYSTEMPATH\CodeIgniter.php(934): App\Controllers\AdminDashboard->users_list()
 2 SYSTEMPATH\CodeIgniter.php(499): CodeIgniter\CodeIgniter->runController(Object(App\Controllers\AdminDashboard))
 3 SYSTEMPATH\CodeIgniter.php(368): CodeIgniter\CodeIgniter->handleRequest(null, Object(Config\Cache), false)
 4 FCPATH\index.php(67): CodeIgniter\CodeIgniter->run()
CRITICAL - 2023-05-30 05:48:12 --> Class 'App\Models\UsersModel' not found
in APPPATH\Controllers\AdminDashboard.php on line 16.
 1 SYSTEMPATH\CodeIgniter.php(934): App\Controllers\AdminDashboard->users_list()
 2 SYSTEMPATH\CodeIgniter.php(499): CodeIgniter\CodeIgniter->runController(Object(App\Controllers\AdminDashboard))
 3 SYSTEMPATH\CodeIgniter.php(368): CodeIgniter\CodeIgniter->handleRequest(null, Object(Config\Cache), false)
 4 FCPATH\index.php(67): CodeIgniter\CodeIgniter->run()
CRITICAL - 2023-05-30 05:48:17 --> Class 'App\Models\UsersModel' not found
in APPPATH\Controllers\AdminDashboard.php on line 16.
 1 SYSTEMPATH\CodeIgniter.php(934): App\Controllers\AdminDashboard->users_list()
 2 SYSTEMPATH\CodeIgniter.php(499): CodeIgniter\CodeIgniter->runController(Object(App\Controllers\AdminDashboard))
 3 SYSTEMPATH\CodeIgniter.php(368): CodeIgniter\CodeIgniter->handleRequest(null, Object(Config\Cache), false)
 4 FCPATH\index.php(67): CodeIgniter\CodeIgniter->run()
CRITICAL - 2023-05-30 05:48:40 --> Class 'App\Models\UsersModel' not found
in APPPATH\Controllers\AdminDashboard.php on line 16.
 1 SYSTEMPATH\CodeIgniter.php(934): App\Controllers\AdminDashboard->users_list()
 2 SYSTEMPATH\CodeIgniter.php(499): CodeIgniter\CodeIgniter->runController(Object(App\Controllers\AdminDashboard))
 3 SYSTEMPATH\CodeIgniter.php(368): CodeIgniter\CodeIgniter->handleRequest(null, Object(Config\Cache), false)
 4 FCPATH\index.php(67): CodeIgniter\CodeIgniter->run()
CRITICAL - 2023-05-30 05:48:49 --> Class 'App\Models\UsersModel' not found
in APPPATH\Controllers\AdminDashboard.php on line 16.
 1 SYSTEMPATH\CodeIgniter.php(934): App\Controllers\AdminDashboard->users_list()
 2 SYSTEMPATH\CodeIgniter.php(499): CodeIgniter\CodeIgniter->runController(Object(App\Controllers\AdminDashboard))
 3 SYSTEMPATH\CodeIgniter.php(368): CodeIgniter\CodeIgniter->handleRequest(null, Object(Config\Cache), false)
 4 FCPATH\index.php(67): CodeIgniter\CodeIgniter->run()
CRITICAL - 2023-05-30 05:59:14 --> Class 'App\Models\UsersModel' not found
in APPPATH\Controllers\AdminDashboard.php on line 16.
 1 SYSTEMPATH\CodeIgniter.php(934): App\Controllers\AdminDashboard->users_list()
 2 SYSTEMPATH\CodeIgniter.php(499): CodeIgniter\CodeIgniter->runController(Object(App\Controllers\AdminDashboard))
 3 SYSTEMPATH\CodeIgniter.php(368): CodeIgniter\CodeIgniter->handleRequest(null, Object(Config\Cache), false)
 4 FCPATH\index.php(67): CodeIgniter\CodeIgniter->run()
CRITICAL - 2023-05-30 05:59:22 --> Class 'App\Models\UsersModel' not found
in APPPATH\Controllers\AdminDashboard.php on line 16.
 1 SYSTEMPATH\CodeIgniter.php(934): App\Controllers\AdminDashboard->users_list()
 2 SYSTEMPATH\CodeIgniter.php(499): CodeIgniter\CodeIgniter->runController(Object(App\Controllers\AdminDashboard))
 3 SYSTEMPATH\CodeIgniter.php(368): CodeIgniter\CodeIgniter->handleRequest(null, Object(Config\Cache), false)
 4 FCPATH\index.php(67): CodeIgniter\CodeIgniter->run()
CRITICAL - 2023-05-30 06:01:35 --> Class 'App\Models\UsersModel' not found
in APPPATH\Controllers\AdminDashboard.php on line 16.
 1 SYSTEMPATH\CodeIgniter.php(934): App\Controllers\AdminDashboard->users_list()
 2 SYSTEMPATH\CodeIgniter.php(499): CodeIgniter\CodeIgniter->runController(Object(App\Controllers\AdminDashboard))
 3 SYSTEMPATH\CodeIgniter.php(368): CodeIgniter\CodeIgniter->handleRequest(null, Object(Config\Cache), false)
 4 FCPATH\index.php(67): CodeIgniter\CodeIgniter->run()
CRITICAL - 2023-05-30 06:01:45 --> Class 'App\Models\UsersModel' not found
in APPPATH\Controllers\AdminDashboard.php on line 16.
 1 SYSTEMPATH\CodeIgniter.php(934): App\Controllers\AdminDashboard->users_list()
 2 SYSTEMPATH\CodeIgniter.php(499): CodeIgniter\CodeIgniter->runController(Object(App\Controllers\AdminDashboard))
 3 SYSTEMPATH\CodeIgniter.php(368): CodeIgniter\CodeIgniter->handleRequest(null, Object(Config\Cache), false)
 4 FCPATH\index.php(67): CodeIgniter\CodeIgniter->run()
CRITICAL - 2023-05-30 06:03:24 --> Class 'App\Models\UsersModel' not found
in APPPATH\Controllers\AdminDashboard.php on line 16.
 1 SYSTEMPATH\CodeIgniter.php(934): App\Controllers\AdminDashboard->users_list()
 2 SYSTEMPATH\CodeIgniter.php(499): CodeIgniter\CodeIgniter->runController(Object(App\Controllers\AdminDashboard))
 3 SYSTEMPATH\CodeIgniter.php(368): CodeIgniter\CodeIgniter->handleRequest(null, Object(Config\Cache), false)
 4 FCPATH\index.php(67): CodeIgniter\CodeIgniter->run()
CRITICAL - 2023-05-30 06:03:31 --> Class 'App\Models\UsersModel' not found
in APPPATH\Controllers\AdminDashboard.php on line 16.
 1 SYSTEMPATH\CodeIgniter.php(934): App\Controllers\AdminDashboard->users_list()
 2 SYSTEMPATH\CodeIgniter.php(499): CodeIgniter\CodeIgniter->runController(Object(App\Controllers\AdminDashboard))
 3 SYSTEMPATH\CodeIgniter.php(368): CodeIgniter\CodeIgniter->handleRequest(null, Object(Config\Cache), false)
 4 FCPATH\index.php(67): CodeIgniter\CodeIgniter->run()
CRITICAL - 2023-05-30 07:04:39 --> Call to a member function findAlldata() on null
in APPPATH\Controllers\AdminDashboard.php on line 19.
 1 SYSTEMPATH\CodeIgniter.php(934): App\Controllers\AdminDashboard->users_list()
 2 SYSTEMPATH\CodeIgniter.php(499): CodeIgniter\CodeIgniter->runController(Object(App\Controllers\AdminDashboard))
 3 SYSTEMPATH\CodeIgniter.php(368): CodeIgniter\CodeIgniter->handleRequest(null, Object(Config\Cache), false)
 4 FCPATH\index.php(67): CodeIgniter\CodeIgniter->run()
CRITICAL - 2023-05-30 07:04:44 --> Call to a member function findAlldata() on null
in APPPATH\Controllers\AdminDashboard.php on line 19.
 1 SYSTEMPATH\CodeIgniter.php(934): App\Controllers\AdminDashboard->users_list()
 2 SYSTEMPATH\CodeIgniter.php(499): CodeIgniter\CodeIgniter->runController(Object(App\Controllers\AdminDashboard))
 3 SYSTEMPATH\CodeIgniter.php(368): CodeIgniter\CodeIgniter->handleRequest(null, Object(Config\Cache), false)
 4 FCPATH\index.php(67): CodeIgniter\CodeIgniter->run()
CRITICAL - 2023-05-30 07:05:07 --> Call to a member function findAlldata() on null
in APPPATH\Controllers\AdminDashboard.php on line 19.
 1 SYSTEMPATH\CodeIgniter.php(934): App\Controllers\AdminDashboard->users_list()
 2 SYSTEMPATH\CodeIgniter.php(499): CodeIgniter\CodeIgniter->runController(Object(App\Controllers\AdminDashboard))
 3 SYSTEMPATH\CodeIgniter.php(368): CodeIgniter\CodeIgniter->handleRequest(null, Object(Config\Cache), false)
 4 FCPATH\index.php(67): CodeIgniter\CodeIgniter->run()
CRITICAL - 2023-05-30 07:05:14 --> Call to a member function findAlldata() on null
in APPPATH\Controllers\AdminDashboard.php on line 19.
 1 SYSTEMPATH\CodeIgniter.php(934): App\Controllers\AdminDashboard->users_list()
 2 SYSTEMPATH\CodeIgniter.php(499): CodeIgniter\CodeIgniter->runController(Object(App\Controllers\AdminDashboard))
 3 SYSTEMPATH\CodeIgniter.php(368): CodeIgniter\CodeIgniter->handleRequest(null, Object(Config\Cache), false)
 4 FCPATH\index.php(67): CodeIgniter\CodeIgniter->run()
CRITICAL - 2023-05-30 07:05:19 --> Call to a member function findAlldata() on null
in APPPATH\Controllers\AdminDashboard.php on line 19.
 1 SYSTEMPATH\CodeIgniter.php(934): App\Controllers\AdminDashboard->users_list()
 2 SYSTEMPATH\CodeIgniter.php(499): CodeIgniter\CodeIgniter->runController(Object(App\Controllers\AdminDashboard))
 3 SYSTEMPATH\CodeIgniter.php(368): CodeIgniter\CodeIgniter->handleRequest(null, Object(Config\Cache), false)
 4 FCPATH\index.php(67): CodeIgniter\CodeIgniter->run()
CRITICAL - 2023-05-30 07:11:26 --> Call to a member function getResult() on array
in APPPATH\Views\admin\alluser_details.php on line 60.
 1 SYSTEMPATH\View\View.php(213): include()
 2 SYSTEMPATH\View\View.php(216): CodeIgniter\View\View->CodeIgniter\View\{closure}()
 3 SYSTEMPATH\Common.php(1184): CodeIgniter\View\View->render('admin/alluser_details', [], true)
 4 APPPATH\Controllers\AdminDashboard.php(20): view('admin/alluser_details', [...])
 5 SYSTEMPATH\CodeIgniter.php(934): App\Controllers\AdminDashboard->users_list()
 6 SYSTEMPATH\CodeIgniter.php(499): CodeIgniter\CodeIgniter->runController(Object(App\Controllers\AdminDashboard))
 7 SYSTEMPATH\CodeIgniter.php(368): CodeIgniter\CodeIgniter->handleRequest(null, Object(Config\Cache), false)
 8 FCPATH\index.php(67): CodeIgniter\CodeIgniter->run()
ERROR - 2023-05-30 07:55:02 --> mysqli_sql_exception: Table 'beseen.registered_user' doesn't exist in C:\wamp\www\BeSeen\system\Database\MySQLi\Connection.php:295
Stack trace:
#0 C:\wamp\www\BeSeen\system\Database\MySQLi\Connection.php(295): mysqli->query('SELECT *\nFROM `...', 0)
#1 C:\wamp\www\BeSeen\system\Database\BaseConnection.php(692): CodeIgniter\Database\MySQLi\Connection->execute('SELECT *\nFROM `...')
#2 C:\wamp\www\BeSeen\system\Database\BaseConnection.php(606): CodeIgniter\Database\BaseConnection->simpleQuery('SELECT *\nFROM `...')
#3 C:\wamp\www\BeSeen\system\Database\BaseBuilder.php(1616): CodeIgniter\Database\BaseConnection->query('SELECT *\nFROM `...', Array, false)
#4 C:\wamp\www\BeSeen\system\Model.php(241): CodeIgniter\Database\BaseBuilder->get()
#5 C:\wamp\www\BeSeen\system\BaseModel.php(618): CodeIgniter\Model->doFindAll(0, 0)
#6 C:\wamp\www\BeSeen\app\Controllers\AdminDashboard.php(18): CodeIgniter\BaseModel->findAll()
#7 C:\wamp\www\BeSeen\system\CodeIgniter.php(934): App\Controllers\AdminDashboard->users_list()
#8 C:\wamp\www\BeSeen\system\CodeIgniter.php(499): CodeIgniter\CodeIgniter->runController(Object(App\Controllers\AdminDashboard))
#9 C:\wamp\www\BeSeen\system\CodeIgniter.php(368): CodeIgniter\CodeIgniter->handleRequest(NULL, Object(Config\Cache), false)
#10 C:\wamp\www\BeSeen\index.php(67): CodeIgniter\CodeIgniter->run()
#11 {main}
CRITICAL - 2023-05-30 07:55:02 --> Table 'beseen.registered_user' doesn't exist
in SYSTEMPATH\Database\MySQLi\Connection.php on line 295.
 1 SYSTEMPATH\Database\MySQLi\Connection.php(295): mysqli->query('SELECT *
FROM `registered_user`', 0)
 2 SYSTEMPATH\Database\BaseConnection.php(692): CodeIgniter\Database\MySQLi\Connection->execute('SELECT *
FROM `registered_user`')
 3 SYSTEMPATH\Database\BaseConnection.php(606): CodeIgniter\Database\BaseConnection->simpleQuery('SELECT *
FROM `registered_user`')
 4 SYSTEMPATH\Database\BaseBuilder.php(1616): CodeIgniter\Database\BaseConnection->query('SELECT *
FROM `registered_user`', [], false)
 5 SYSTEMPATH\Model.php(241): CodeIgniter\Database\BaseBuilder->get()
 6 SYSTEMPATH\BaseModel.php(618): CodeIgniter\Model->doFindAll(0, 0)
 7 APPPATH\Controllers\AdminDashboard.php(18): CodeIgniter\BaseModel->findAll()
 8 SYSTEMPATH\CodeIgniter.php(934): App\Controllers\AdminDashboard->users_list()
 9 SYSTEMPATH\CodeIgniter.php(499): CodeIgniter\CodeIgniter->runController(Object(App\Controllers\AdminDashboard))
10 SYSTEMPATH\CodeIgniter.php(368): CodeIgniter\CodeIgniter->handleRequest(null, Object(Config\Cache), false)
11 FCPATH\index.php(67): CodeIgniter\CodeIgniter->run()
ERROR - 2023-05-30 07:58:07 --> mysqli_sql_exception: Table 'beseen.registered_user' doesn't exist in C:\wamp\www\BeSeen\system\Database\MySQLi\Connection.php:295
Stack trace:
#0 C:\wamp\www\BeSeen\system\Database\MySQLi\Connection.php(295): mysqli->query('SELECT *\nFROM `...', 0)
#1 C:\wamp\www\BeSeen\system\Database\BaseConnection.php(692): CodeIgniter\Database\MySQLi\Connection->execute('SELECT *\nFROM `...')
#2 C:\wamp\www\BeSeen\system\Database\BaseConnection.php(606): CodeIgniter\Database\BaseConnection->simpleQuery('SELECT *\nFROM `...')
#3 C:\wamp\www\BeSeen\system\Database\BaseBuilder.php(1616): CodeIgniter\Database\BaseConnection->query('SELECT *\nFROM `...', Array, false)
#4 C:\wamp\www\BeSeen\system\Model.php(241): CodeIgniter\Database\BaseBuilder->get()
#5 C:\wamp\www\BeSeen\system\BaseModel.php(618): CodeIgniter\Model->doFindAll(0, 0)
#6 C:\wamp\www\BeSeen\app\Controllers\AdminDashboard.php(18): CodeIgniter\BaseModel->findAll()
#7 C:\wamp\www\BeSeen\system\CodeIgniter.php(934): App\Controllers\AdminDashboard->users_list()
#8 C:\wamp\www\BeSeen\system\CodeIgniter.php(499): CodeIgniter\CodeIgniter->runController(Object(App\Controllers\AdminDashboard))
#9 C:\wamp\www\BeSeen\system\CodeIgniter.php(368): CodeIgniter\CodeIgniter->handleRequest(NULL, Object(Config\Cache), false)
#10 C:\wamp\www\BeSeen\index.php(67): CodeIgniter\CodeIgniter->run()
#11 {main}
CRITICAL - 2023-05-30 07:58:07 --> Table 'beseen.registered_user' doesn't exist
in SYSTEMPATH\Database\MySQLi\Connection.php on line 295.
 1 SYSTEMPATH\Database\MySQLi\Connection.php(295): mysqli->query('SELECT *
FROM `registered_user`', 0)
 2 SYSTEMPATH\Database\BaseConnection.php(692): CodeIgniter\Database\MySQLi\Connection->execute('SELECT *
FROM `registered_user`')
 3 SYSTEMPATH\Database\BaseConnection.php(606): CodeIgniter\Database\BaseConnection->simpleQuery('SELECT *
FROM `registered_user`')
 4 SYSTEMPATH\Database\BaseBuilder.php(1616): CodeIgniter\Database\BaseConnection->query('SELECT *
FROM `registered_user`', [], false)
 5 SYSTEMPATH\Model.php(241): CodeIgniter\Database\BaseBuilder->get()
 6 SYSTEMPATH\BaseModel.php(618): CodeIgniter\Model->doFindAll(0, 0)
 7 APPPATH\Controllers\AdminDashboard.php(18): CodeIgniter\BaseModel->findAll()
 8 SYSTEMPATH\CodeIgniter.php(934): App\Controllers\AdminDashboard->users_list()
 9 SYSTEMPATH\CodeIgniter.php(499): CodeIgniter\CodeIgniter->runController(Object(App\Controllers\AdminDashboard))
10 SYSTEMPATH\CodeIgniter.php(368): CodeIgniter\CodeIgniter->handleRequest(null, Object(Config\Cache), false)
11 FCPATH\index.php(67): CodeIgniter\CodeIgniter->run()
CRITICAL - 2023-05-30 07:58:38 --> Call to a member function getResult() on array
in APPPATH\Views\admin\alluser_details.php on line 60.
 1 SYSTEMPATH\View\View.php(213): include()
 2 SYSTEMPATH\View\View.php(216): CodeIgniter\View\View->CodeIgniter\View\{closure}()
 3 SYSTEMPATH\Common.php(1184): CodeIgniter\View\View->render('admin/alluser_details', [], true)
 4 APPPATH\Controllers\AdminDashboard.php(20): view('admin/alluser_details', [...])
 5 SYSTEMPATH\CodeIgniter.php(934): App\Controllers\AdminDashboard->users_list()
 6 SYSTEMPATH\CodeIgniter.php(499): CodeIgniter\CodeIgniter->runController(Object(App\Controllers\AdminDashboard))
 7 SYSTEMPATH\CodeIgniter.php(368): CodeIgniter\CodeIgniter->handleRequest(null, Object(Config\Cache), false)
 8 FCPATH\index.php(67): CodeIgniter\CodeIgniter->run()
CRITICAL - 2023-05-30 08:02:53 --> Call to a member function getResult() on array
in APPPATH\Views\admin\alluser_details.php on line 60.
 1 SYSTEMPATH\View\View.php(213): include()
 2 SYSTEMPATH\View\View.php(216): CodeIgniter\View\View->CodeIgniter\View\{closure}()
 3 SYSTEMPATH\Common.php(1184): CodeIgniter\View\View->render('admin/alluser_details', [], true)
 4 APPPATH\Controllers\AdminDashboard.php(20): view('admin/alluser_details', [...])
 5 SYSTEMPATH\CodeIgniter.php(934): App\Controllers\AdminDashboard->users_list()
 6 SYSTEMPATH\CodeIgniter.php(499): CodeIgniter\CodeIgniter->runController(Object(App\Controllers\AdminDashboard))
 7 SYSTEMPATH\CodeIgniter.php(368): CodeIgniter\CodeIgniter->handleRequest(null, Object(Config\Cache), false)
 8 FCPATH\index.php(67): CodeIgniter\CodeIgniter->run()
CRITICAL - 2023-05-30 08:02:57 --> Call to a member function getResult() on array
in APPPATH\Views\admin\alluser_details.php on line 60.
 1 SYSTEMPATH\View\View.php(213): include()
 2 SYSTEMPATH\View\View.php(216): CodeIgniter\View\View->CodeIgniter\View\{closure}()
 3 SYSTEMPATH\Common.php(1184): CodeIgniter\View\View->render('admin/alluser_details', [], true)
 4 APPPATH\Controllers\AdminDashboard.php(20): view('admin/alluser_details', [...])
 5 SYSTEMPATH\CodeIgniter.php(934): App\Controllers\AdminDashboard->users_list()
 6 SYSTEMPATH\CodeIgniter.php(499): CodeIgniter\CodeIgniter->runController(Object(App\Controllers\AdminDashboard))
 7 SYSTEMPATH\CodeIgniter.php(368): CodeIgniter\CodeIgniter->handleRequest(null, Object(Config\Cache), false)
 8 FCPATH\index.php(67): CodeIgniter\CodeIgniter->run()
CRITICAL - 2023-05-30 08:04:25 --> Call to a member function getResult() on array
in APPPATH\Views\admin\alluser_details.php on line 60.
 1 SYSTEMPATH\View\View.php(213): include()
 2 SYSTEMPATH\View\View.php(216): CodeIgniter\View\View->CodeIgniter\View\{closure}()
 3 SYSTEMPATH\Common.php(1184): CodeIgniter\View\View->render('admin/alluser_details', [], true)
 4 APPPATH\Controllers\AdminDashboard.php(20): view('admin/alluser_details', [...])
 5 SYSTEMPATH\CodeIgniter.php(934): App\Controllers\AdminDashboard->users_list()
 6 SYSTEMPATH\CodeIgniter.php(499): CodeIgniter\CodeIgniter->runController(Object(App\Controllers\AdminDashboard))
 7 SYSTEMPATH\CodeIgniter.php(368): CodeIgniter\CodeIgniter->handleRequest(null, Object(Config\Cache), false)
 8 FCPATH\index.php(67): CodeIgniter\CodeIgniter->run()
CRITICAL - 2023-05-30 08:14:58 --> Call to a member function getResult() on array
in APPPATH\Views\admin\alluser_details.php on line 60.
 1 SYSTEMPATH\View\View.php(213): include()
 2 SYSTEMPATH\View\View.php(216): CodeIgniter\View\View->CodeIgniter\View\{closure}()
 3 SYSTEMPATH\Common.php(1184): CodeIgniter\View\View->render('admin/alluser_details', [], true)
 4 APPPATH\Controllers\AdminDashboard.php(20): view('admin/alluser_details', [...])
 5 SYSTEMPATH\CodeIgniter.php(934): App\Controllers\AdminDashboard->users_list()
 6 SYSTEMPATH\CodeIgniter.php(499): CodeIgniter\CodeIgniter->runController(Object(App\Controllers\AdminDashboard))
 7 SYSTEMPATH\CodeIgniter.php(368): CodeIgniter\CodeIgniter->handleRequest(null, Object(Config\Cache), false)
 8 FCPATH\index.php(67): CodeIgniter\CodeIgniter->run()
CRITICAL - 2023-05-30 08:16:06 --> Call to a member function getResult() on array
in APPPATH\Views\admin\alluser_details.php on line 60.
 1 SYSTEMPATH\View\View.php(213): include()
 2 SYSTEMPATH\View\View.php(216): CodeIgniter\View\View->CodeIgniter\View\{closure}()
 3 SYSTEMPATH\Common.php(1184): CodeIgniter\View\View->render('admin/alluser_details', [], true)
 4 APPPATH\Controllers\AdminDashboard.php(20): view('admin/alluser_details', [...])
 5 SYSTEMPATH\CodeIgniter.php(934): App\Controllers\AdminDashboard->users_list()
 6 SYSTEMPATH\CodeIgniter.php(499): CodeIgniter\CodeIgniter->runController(Object(App\Controllers\AdminDashboard))
 7 SYSTEMPATH\CodeIgniter.php(368): CodeIgniter\CodeIgniter->handleRequest(null, Object(Config\Cache), false)
 8 FCPATH\index.php(67): CodeIgniter\CodeIgniter->run()
CRITICAL - 2023-05-30 08:16:29 --> Call to a member function getResult() on array
in APPPATH\Views\admin\alluser_details.php on line 60.
 1 SYSTEMPATH\View\View.php(213): include()
 2 SYSTEMPATH\View\View.php(216): CodeIgniter\View\View->CodeIgniter\View\{closure}()
 3 SYSTEMPATH\Common.php(1184): CodeIgniter\View\View->render('admin/alluser_details', [], true)
 4 APPPATH\Controllers\AdminDashboard.php(20): view('admin/alluser_details', [...])
 5 SYSTEMPATH\CodeIgniter.php(934): App\Controllers\AdminDashboard->users_list()
 6 SYSTEMPATH\CodeIgniter.php(499): CodeIgniter\CodeIgniter->runController(Object(App\Controllers\AdminDashboard))
 7 SYSTEMPATH\CodeIgniter.php(368): CodeIgniter\CodeIgniter->handleRequest(null, Object(Config\Cache), false)
 8 FCPATH\index.php(67): CodeIgniter\CodeIgniter->run()
CRITICAL - 2023-05-30 08:17:54 --> Call to a member function getResult() on array
in APPPATH\Views\admin\alluser_details.php on line 60.
 1 SYSTEMPATH\View\View.php(213): include()
 2 SYSTEMPATH\View\View.php(216): CodeIgniter\View\View->CodeIgniter\View\{closure}()
 3 SYSTEMPATH\Common.php(1184): CodeIgniter\View\View->render('admin/alluser_details', [], true)
 4 APPPATH\Controllers\AdminDashboard.php(20): view('admin/alluser_details', [...])
 5 SYSTEMPATH\CodeIgniter.php(934): App\Controllers\AdminDashboard->users_list()
 6 SYSTEMPATH\CodeIgniter.php(499): CodeIgniter\CodeIgniter->runController(Object(App\Controllers\AdminDashboard))
 7 SYSTEMPATH\CodeIgniter.php(368): CodeIgniter\CodeIgniter->handleRequest(null, Object(Config\Cache), false)
 8 FCPATH\index.php(67): CodeIgniter\CodeIgniter->run()
CRITICAL - 2023-05-30 08:35:11 --> Call to a member function getResult() on array
in APPPATH\Views\admin\alluser_details.php on line 60.
 1 SYSTEMPATH\View\View.php(213): include()
 2 SYSTEMPATH\View\View.php(216): CodeIgniter\View\View->CodeIgniter\View\{closure}()
 3 SYSTEMPATH\Common.php(1184): CodeIgniter\View\View->render('admin/alluser_details', [], true)
 4 APPPATH\Controllers\AdminDashboard.php(20): view('admin/alluser_details', [...])
 5 SYSTEMPATH\CodeIgniter.php(934): App\Controllers\AdminDashboard->users_list()
 6 SYSTEMPATH\CodeIgniter.php(499): CodeIgniter\CodeIgniter->runController(Object(App\Controllers\AdminDashboard))
 7 SYSTEMPATH\CodeIgniter.php(368): CodeIgniter\CodeIgniter->handleRequest(null, Object(Config\Cache), false)
 8 FCPATH\index.php(67): CodeIgniter\CodeIgniter->run()
CRITICAL - 2023-05-30 08:35:16 --> Call to a member function getResult() on array
in APPPATH\Views\admin\alluser_details.php on line 60.
 1 SYSTEMPATH\View\View.php(213): include()
 2 SYSTEMPATH\View\View.php(216): CodeIgniter\View\View->CodeIgniter\View\{closure}()
 3 SYSTEMPATH\Common.php(1184): CodeIgniter\View\View->render('admin/alluser_details', [], true)
 4 APPPATH\Controllers\AdminDashboard.php(20): view('admin/alluser_details', [...])
 5 SYSTEMPATH\CodeIgniter.php(934): App\Controllers\AdminDashboard->users_list()
 6 SYSTEMPATH\CodeIgniter.php(499): CodeIgniter\CodeIgniter->runController(Object(App\Controllers\AdminDashboard))
 7 SYSTEMPATH\CodeIgniter.php(368): CodeIgniter\CodeIgniter->handleRequest(null, Object(Config\Cache), false)
 8 FCPATH\index.php(67): CodeIgniter\CodeIgniter->run()
CRITICAL - 2023-05-30 08:35:32 --> Call to a member function getResult() on array
in APPPATH\Views\admin\alluser_details.php on line 60.
 1 SYSTEMPATH\View\View.php(213): include()
 2 SYSTEMPATH\View\View.php(216): CodeIgniter\View\View->CodeIgniter\View\{closure}()
 3 SYSTEMPATH\Common.php(1184): CodeIgniter\View\View->render('admin/alluser_details', [], true)
 4 APPPATH\Controllers\AdminDashboard.php(20): view('admin/alluser_details', [...])
 5 SYSTEMPATH\CodeIgniter.php(934): App\Controllers\AdminDashboard->users_list()
 6 SYSTEMPATH\CodeIgniter.php(499): CodeIgniter\CodeIgniter->runController(Object(App\Controllers\AdminDashboard))
 7 SYSTEMPATH\CodeIgniter.php(368): CodeIgniter\CodeIgniter->handleRequest(null, Object(Config\Cache), false)
 8 FCPATH\index.php(67): CodeIgniter\CodeIgniter->run()
CRITICAL - 2023-05-30 08:35:38 --> Call to a member function getResult() on array
in APPPATH\Views\admin\alluser_details.php on line 60.
 1 SYSTEMPATH\View\View.php(213): include()
 2 SYSTEMPATH\View\View.php(216): CodeIgniter\View\View->CodeIgniter\View\{closure}()
 3 SYSTEMPATH\Common.php(1184): CodeIgniter\View\View->render('admin/alluser_details', [], true)
 4 APPPATH\Controllers\AdminDashboard.php(20): view('admin/alluser_details', [...])
 5 SYSTEMPATH\CodeIgniter.php(934): App\Controllers\AdminDashboard->users_list()
 6 SYSTEMPATH\CodeIgniter.php(499): CodeIgniter\CodeIgniter->runController(Object(App\Controllers\AdminDashboard))
 7 SYSTEMPATH\CodeIgniter.php(368): CodeIgniter\CodeIgniter->handleRequest(null, Object(Config\Cache), false)
 8 FCPATH\index.php(67): CodeIgniter\CodeIgniter->run()
CRITICAL - 2023-05-30 08:43:59 --> syntax error, unexpected '}', expecting end of file
in APPPATH\Views\admin\dashboard.php on line 44.
 1 SYSTEMPATH\View\View.php(216): CodeIgniter\View\View->CodeIgniter\View\{closure}()
 2 SYSTEMPATH\Common.php(1184): CodeIgniter\View\View->render('admin/dashboard', [], true)
 3 APPPATH\Controllers\AdminDashboard.php(11): view('admin/dashboard')
 4 SYSTEMPATH\CodeIgniter.php(934): App\Controllers\AdminDashboard->index()
 5 SYSTEMPATH\CodeIgniter.php(499): CodeIgniter\CodeIgniter->runController(Object(App\Controllers\AdminDashboard))
 6 SYSTEMPATH\CodeIgniter.php(368): CodeIgniter\CodeIgniter->handleRequest(null, Object(Config\Cache), false)
 7 FCPATH\index.php(67): CodeIgniter\CodeIgniter->run()
CRITICAL - 2023-05-30 09:20:07 --> Call to a member function getResult() on array
in APPPATH\Views\admin\alluser_details1.php on line 53.
 1 SYSTEMPATH\View\View.php(213): include()
 2 SYSTEMPATH\View\View.php(216): CodeIgniter\View\View->CodeIgniter\View\{closure}()
 3 SYSTEMPATH\Common.php(1184): CodeIgniter\View\View->render('admin/alluser_details1', [], true)
 4 APPPATH\Controllers\AdminDashboard.php(20): view('admin/alluser_details1', [...])
 5 SYSTEMPATH\CodeIgniter.php(934): App\Controllers\AdminDashboard->users_list()
 6 SYSTEMPATH\CodeIgniter.php(499): CodeIgniter\CodeIgniter->runController(Object(App\Controllers\AdminDashboard))
 7 SYSTEMPATH\CodeIgniter.php(368): CodeIgniter\CodeIgniter->handleRequest(null, Object(Config\Cache), false)
 8 FCPATH\index.php(67): CodeIgniter\CodeIgniter->run()
CRITICAL - 2023-05-30 09:21:11 --> Call to a member function getResult() on array
in APPPATH\Views\admin\alluser_details1.php on line 53.
 1 SYSTEMPATH\View\View.php(213): include()
 2 SYSTEMPATH\View\View.php(216): CodeIgniter\View\View->CodeIgniter\View\{closure}()
 3 SYSTEMPATH\Common.php(1184): CodeIgniter\View\View->render('admin/alluser_details1', [], true)
 4 APPPATH\Controllers\AdminDashboard.php(20): view('admin/alluser_details1', [...])
 5 SYSTEMPATH\CodeIgniter.php(934): App\Controllers\AdminDashboard->users_list()
 6 SYSTEMPATH\CodeIgniter.php(499): CodeIgniter\CodeIgniter->runController(Object(App\Controllers\AdminDashboard))
 7 SYSTEMPATH\CodeIgniter.php(368): CodeIgniter\CodeIgniter->handleRequest(null, Object(Config\Cache), false)
 8 FCPATH\index.php(67): CodeIgniter\CodeIgniter->run()
CRITICAL - 2023-05-30 09:23:00 --> Call to a member function getResult() on array
in APPPATH\Views\admin\alluser_details1.php on line 54.
 1 SYSTEMPATH\View\View.php(213): include()
 2 SYSTEMPATH\View\View.php(216): CodeIgniter\View\View->CodeIgniter\View\{closure}()
 3 SYSTEMPATH\Common.php(1184): CodeIgniter\View\View->render('admin/alluser_details1', [], true)
 4 APPPATH\Controllers\AdminDashboard.php(20): view('admin/alluser_details1', [...])
 5 SYSTEMPATH\CodeIgniter.php(934): App\Controllers\AdminDashboard->users_list()
 6 SYSTEMPATH\CodeIgniter.php(499): CodeIgniter\CodeIgniter->runController(Object(App\Controllers\AdminDashboard))
 7 SYSTEMPATH\CodeIgniter.php(368): CodeIgniter\CodeIgniter->handleRequest(null, Object(Config\Cache), false)
 8 FCPATH\index.php(67): CodeIgniter\CodeIgniter->run()
CRITICAL - 2023-05-30 09:23:02 --> Call to a member function getResult() on array
in APPPATH\Views\admin\alluser_details1.php on line 54.
 1 SYSTEMPATH\View\View.php(213): include()
 2 SYSTEMPATH\View\View.php(216): CodeIgniter\View\View->CodeIgniter\View\{closure}()
 3 SYSTEMPATH\Common.php(1184): CodeIgniter\View\View->render('admin/alluser_details1', [], true)
 4 APPPATH\Controllers\AdminDashboard.php(20): view('admin/alluser_details1', [...])
 5 SYSTEMPATH\CodeIgniter.php(934): App\Controllers\AdminDashboard->users_list()
 6 SYSTEMPATH\CodeIgniter.php(499): CodeIgniter\CodeIgniter->runController(Object(App\Controllers\AdminDashboard))
 7 SYSTEMPATH\CodeIgniter.php(368): CodeIgniter\CodeIgniter->handleRequest(null, Object(Config\Cache), false)
 8 FCPATH\index.php(67): CodeIgniter\CodeIgniter->run()
CRITICAL - 2023-05-30 09:23:08 --> Call to a member function getResult() on array
in APPPATH\Views\admin\alluser_details1.php on line 54.
 1 SYSTEMPATH\View\View.php(213): include()
 2 SYSTEMPATH\View\View.php(216): CodeIgniter\View\View->CodeIgniter\View\{closure}()
 3 SYSTEMPATH\Common.php(1184): CodeIgniter\View\View->render('admin/alluser_details1', [], true)
 4 APPPATH\Controllers\AdminDashboard.php(20): view('admin/alluser_details1', [...])
 5 SYSTEMPATH\CodeIgniter.php(934): App\Controllers\AdminDashboard->users_list()
 6 SYSTEMPATH\CodeIgniter.php(499): CodeIgniter\CodeIgniter->runController(Object(App\Controllers\AdminDashboard))
 7 SYSTEMPATH\CodeIgniter.php(368): CodeIgniter\CodeIgniter->handleRequest(null, Object(Config\Cache), false)
 8 FCPATH\index.php(67): CodeIgniter\CodeIgniter->run()
CRITICAL - 2023-05-30 09:27:42 --> Call to a member function getResult() on array
in APPPATH\Views\admin\alluser_details.php on line 54.
 1 SYSTEMPATH\View\View.php(213): include()
 2 SYSTEMPATH\View\View.php(216): CodeIgniter\View\View->CodeIgniter\View\{closure}()
 3 SYSTEMPATH\Common.php(1184): CodeIgniter\View\View->render('admin/alluser_details', [], true)
 4 APPPATH\Controllers\AdminDashboard.php(20): view('admin/alluser_details', [...])
 5 SYSTEMPATH\CodeIgniter.php(934): App\Controllers\AdminDashboard->users_list()
 6 SYSTEMPATH\CodeIgniter.php(499): CodeIgniter\CodeIgniter->runController(Object(App\Controllers\AdminDashboard))
 7 SYSTEMPATH\CodeIgniter.php(368): CodeIgniter\CodeIgniter->handleRequest(null, Object(Config\Cache), false)
 8 FCPATH\index.php(67): CodeIgniter\CodeIgniter->run()
CRITICAL - 2023-05-30 09:27:43 --> Call to a member function getResult() on array
in APPPATH\Views\admin\alluser_details.php on line 54.
 1 SYSTEMPATH\View\View.php(213): include()
 2 SYSTEMPATH\View\View.php(216): CodeIgniter\View\View->CodeIgniter\View\{closure}()
 3 SYSTEMPATH\Common.php(1184): CodeIgniter\View\View->render('admin/alluser_details', [], true)
 4 APPPATH\Controllers\AdminDashboard.php(20): view('admin/alluser_details', [...])
 5 SYSTEMPATH\CodeIgniter.php(934): App\Controllers\AdminDashboard->users_list()
 6 SYSTEMPATH\CodeIgniter.php(499): CodeIgniter\CodeIgniter->runController(Object(App\Controllers\AdminDashboard))
 7 SYSTEMPATH\CodeIgniter.php(368): CodeIgniter\CodeIgniter->handleRequest(null, Object(Config\Cache), false)
 8 FCPATH\index.php(67): CodeIgniter\CodeIgniter->run()
CRITICAL - 2023-05-30 09:29:15 --> Call to a member function getResult() on array
in APPPATH\Views\admin\alluser_details1.php on line 33.
 1 SYSTEMPATH\View\View.php(213): include()
 2 SYSTEMPATH\View\View.php(216): CodeIgniter\View\View->CodeIgniter\View\{closure}()
 3 SYSTEMPATH\Common.php(1184): CodeIgniter\View\View->render('admin/alluser_details1', [], true)
 4 APPPATH\Controllers\AdminDashboard.php(20): view('admin/alluser_details1', [...])
 5 SYSTEMPATH\CodeIgniter.php(934): App\Controllers\AdminDashboard->users_list()
 6 SYSTEMPATH\CodeIgniter.php(499): CodeIgniter\CodeIgniter->runController(Object(App\Controllers\AdminDashboard))
 7 SYSTEMPATH\CodeIgniter.php(368): CodeIgniter\CodeIgniter->handleRequest(null, Object(Config\Cache), false)
 8 FCPATH\index.php(67): CodeIgniter\CodeIgniter->run()
CRITICAL - 2023-05-30 09:30:10 --> Call to a member function getResult() on array
in APPPATH\Views\admin\alluser_details1.php on line 28.
 1 SYSTEMPATH\View\View.php(213): include()
 2 SYSTEMPATH\View\View.php(216): CodeIgniter\View\View->CodeIgniter\View\{closure}()
 3 SYSTEMPATH\Common.php(1184): CodeIgniter\View\View->render('admin/alluser_details1', [], true)
 4 APPPATH\Controllers\AdminDashboard.php(20): view('admin/alluser_details1', [...])
 5 SYSTEMPATH\CodeIgniter.php(934): App\Controllers\AdminDashboard->users_list()
 6 SYSTEMPATH\CodeIgniter.php(499): CodeIgniter\CodeIgniter->runController(Object(App\Controllers\AdminDashboard))
 7 SYSTEMPATH\CodeIgniter.php(368): CodeIgniter\CodeIgniter->handleRequest(null, Object(Config\Cache), false)
 8 FCPATH\index.php(67): CodeIgniter\CodeIgniter->run()
CRITICAL - 2023-05-30 09:30:44 --> Call to a member function getResult() on array
in APPPATH\Views\admin\alluser_details1.php on line 28.
 1 SYSTEMPATH\View\View.php(213): include()
 2 SYSTEMPATH\View\View.php(216): CodeIgniter\View\View->CodeIgniter\View\{closure}()
 3 SYSTEMPATH\Common.php(1184): CodeIgniter\View\View->render('admin/alluser_details1', [], true)
 4 APPPATH\Controllers\AdminDashboard.php(20): view('admin/alluser_details1', [...])
 5 SYSTEMPATH\CodeIgniter.php(934): App\Controllers\AdminDashboard->users_list()
 6 SYSTEMPATH\CodeIgniter.php(499): CodeIgniter\CodeIgniter->runController(Object(App\Controllers\AdminDashboard))
 7 SYSTEMPATH\CodeIgniter.php(368): CodeIgniter\CodeIgniter->handleRequest(null, Object(Config\Cache), false)
 8 FCPATH\index.php(67): CodeIgniter\CodeIgniter->run()
CRITICAL - 2023-05-30 09:30:48 --> Call to a member function getResult() on array
in APPPATH\Views\admin\alluser_details1.php on line 28.
 1 SYSTEMPATH\View\View.php(213): include()
 2 SYSTEMPATH\View\View.php(216): CodeIgniter\View\View->CodeIgniter\View\{closure}()
 3 SYSTEMPATH\Common.php(1184): CodeIgniter\View\View->render('admin/alluser_details1', [], true)
 4 APPPATH\Controllers\AdminDashboard.php(20): view('admin/alluser_details1', [...])
 5 SYSTEMPATH\CodeIgniter.php(934): App\Controllers\AdminDashboard->users_list()
 6 SYSTEMPATH\CodeIgniter.php(499): CodeIgniter\CodeIgniter->runController(Object(App\Controllers\AdminDashboard))
 7 SYSTEMPATH\CodeIgniter.php(368): CodeIgniter\CodeIgniter->handleRequest(null, Object(Config\Cache), false)
 8 FCPATH\index.php(67): CodeIgniter\CodeIgniter->run()
CRITICAL - 2023-05-30 09:31:05 --> Call to a member function getResult() on array
in APPPATH\Views\admin\alluser_details1.php on line 28.
 1 SYSTEMPATH\View\View.php(213): include()
 2 SYSTEMPATH\View\View.php(216): CodeIgniter\View\View->CodeIgniter\View\{closure}()
 3 SYSTEMPATH\Common.php(1184): CodeIgniter\View\View->render('admin/alluser_details1', [], true)
 4 APPPATH\Controllers\AdminDashboard.php(20): view('admin/alluser_details1', [...])
 5 SYSTEMPATH\CodeIgniter.php(934): App\Controllers\AdminDashboard->users_list()
 6 SYSTEMPATH\CodeIgniter.php(499): CodeIgniter\CodeIgniter->runController(Object(App\Controllers\AdminDashboard))
 7 SYSTEMPATH\CodeIgniter.php(368): CodeIgniter\CodeIgniter->handleRequest(null, Object(Config\Cache), false)
 8 FCPATH\index.php(67): CodeIgniter\CodeIgniter->run()
CRITICAL - 2023-05-30 09:33:40 --> Call to a member function getResult() on array
in APPPATH\Views\admin\alluser_details1.php on line 29.
 1 SYSTEMPATH\View\View.php(213): include()
 2 SYSTEMPATH\View\View.php(216): CodeIgniter\View\View->CodeIgniter\View\{closure}()
 3 SYSTEMPATH\Common.php(1184): CodeIgniter\View\View->render('admin/alluser_details1', [], true)
 4 APPPATH\Controllers\AdminDashboard.php(20): view('admin/alluser_details1', [...])
 5 SYSTEMPATH\CodeIgniter.php(934): App\Controllers\AdminDashboard->users_list()
 6 SYSTEMPATH\CodeIgniter.php(499): CodeIgniter\CodeIgniter->runController(Object(App\Controllers\AdminDashboard))
 7 SYSTEMPATH\CodeIgniter.php(368): CodeIgniter\CodeIgniter->handleRequest(null, Object(Config\Cache), false)
 8 FCPATH\index.php(67): CodeIgniter\CodeIgniter->run()
CRITICAL - 2023-05-30 09:33:45 --> Call to a member function getResult() on array
in APPPATH\Views\admin\alluser_details1.php on line 29.
 1 SYSTEMPATH\View\View.php(213): include()
 2 SYSTEMPATH\View\View.php(216): CodeIgniter\View\View->CodeIgniter\View\{closure}()
 3 SYSTEMPATH\Common.php(1184): CodeIgniter\View\View->render('admin/alluser_details1', [], true)
 4 APPPATH\Controllers\AdminDashboard.php(20): view('admin/alluser_details1', [...])
 5 SYSTEMPATH\CodeIgniter.php(934): App\Controllers\AdminDashboard->users_list()
 6 SYSTEMPATH\CodeIgniter.php(499): CodeIgniter\CodeIgniter->runController(Object(App\Controllers\AdminDashboard))
 7 SYSTEMPATH\CodeIgniter.php(368): CodeIgniter\CodeIgniter->handleRequest(null, Object(Config\Cache), false)
 8 FCPATH\index.php(67): CodeIgniter\CodeIgniter->run()
CRITICAL - 2023-05-30 09:33:54 --> Call to a member function get() on array
in APPPATH\Views\admin\alluser_details1.php on line 29.
 1 SYSTEMPATH\View\View.php(213): include()
 2 SYSTEMPATH\View\View.php(216): CodeIgniter\View\View->CodeIgniter\View\{closure}()
 3 SYSTEMPATH\Common.php(1184): CodeIgniter\View\View->render('admin/alluser_details1', [], true)
 4 APPPATH\Controllers\AdminDashboard.php(20): view('admin/alluser_details1', [...])
 5 SYSTEMPATH\CodeIgniter.php(934): App\Controllers\AdminDashboard->users_list()
 6 SYSTEMPATH\CodeIgniter.php(499): CodeIgniter\CodeIgniter->runController(Object(App\Controllers\AdminDashboard))
 7 SYSTEMPATH\CodeIgniter.php(368): CodeIgniter\CodeIgniter->handleRequest(null, Object(Config\Cache), false)
 8 FCPATH\index.php(67): CodeIgniter\CodeIgniter->run()
ERROR - 2023-05-30 10:00:45 --> mysqli_sql_exception: Unknown column 'id' in 'where clause' in C:\wamp\www\BeSeen\system\Database\MySQLi\Connection.php:295
Stack trace:
#0 C:\wamp\www\BeSeen\system\Database\MySQLi\Connection.php(295): mysqli->query('SELECT *\nFROM `...', 0)
#1 C:\wamp\www\BeSeen\system\Database\BaseConnection.php(692): CodeIgniter\Database\MySQLi\Connection->execute('SELECT *\nFROM `...')
#2 C:\wamp\www\BeSeen\system\Database\BaseConnection.php(606): CodeIgniter\Database\BaseConnection->simpleQuery('SELECT *\nFROM `...')
#3 C:\wamp\www\BeSeen\system\Database\BaseBuilder.php(1616): CodeIgniter\Database\BaseConnection->query('SELECT *\nFROM `...', Array, false)
#4 C:\wamp\www\BeSeen\system\Model.php(840): CodeIgniter\Database\BaseBuilder->get()
#5 C:\wamp\www\BeSeen\app\Controllers\AdminDashboard.php(25): CodeIgniter\Model->__call('get', Array)
#6 C:\wamp\www\BeSeen\system\CodeIgniter.php(934): App\Controllers\AdminDashboard->users_edit('1')
#7 C:\wamp\www\BeSeen\system\CodeIgniter.php(499): CodeIgniter\CodeIgniter->runController(Object(App\Controllers\AdminDashboard))
#8 C:\wamp\www\BeSeen\system\CodeIgniter.php(368): CodeIgniter\CodeIgniter->handleRequest(NULL, Object(Config\Cache), false)
#9 C:\wamp\www\BeSeen\index.php(67): CodeIgniter\CodeIgniter->run()
#10 {main}
CRITICAL - 2023-05-30 10:00:45 --> Unknown column 'id' in 'where clause'
in SYSTEMPATH\Database\MySQLi\Connection.php on line 295.
 1 SYSTEMPATH\Database\MySQLi\Connection.php(295): mysqli->query('SELECT *
FROM `register_user`
WHERE `id` = 1', 0)
 2 SYSTEMPATH\Database\BaseConnection.php(692): CodeIgniter\Database\MySQLi\Connection->execute('SELECT *
FROM `register_user`
WHERE `id` = 1')
 3 SYSTEMPATH\Database\BaseConnection.php(606): CodeIgniter\Database\BaseConnection->simpleQuery('SELECT *
FROM `register_user`
WHERE `id` = 1')
 4 SYSTEMPATH\Database\BaseBuilder.php(1616): CodeIgniter\Database\BaseConnection->query('SELECT *
FROM `register_user`
WHERE `id` = :id:', [...], false)
 5 SYSTEMPATH\Model.php(840): CodeIgniter\Database\BaseBuilder->get()
 6 APPPATH\Controllers\AdminDashboard.php(25): CodeIgniter\Model->__call('get', [])
 7 SYSTEMPATH\CodeIgniter.php(934): App\Controllers\AdminDashboard->users_edit('1')
 8 SYSTEMPATH\CodeIgniter.php(499): CodeIgniter\CodeIgniter->runController(Object(App\Controllers\AdminDashboard))
 9 SYSTEMPATH\CodeIgniter.php(368): CodeIgniter\CodeIgniter->handleRequest(null, Object(Config\Cache), false)
10 FCPATH\index.php(67): CodeIgniter\CodeIgniter->run()
CRITICAL - 2023-05-30 10:09:46 --> Argument 2 passed to view() must be of the type array, null given, called in C:\wamp\www\BeSeen\app\Controllers\AdminDashboard.php on line 27
in SYSTEMPATH\Common.php on line 1172.
 1 APPPATH\Controllers\AdminDashboard.php(27): view('admin/edit_user', null)
 2 SYSTEMPATH\CodeIgniter.php(934): App\Controllers\AdminDashboard->users_edit('1')
 3 SYSTEMPATH\CodeIgniter.php(499): CodeIgniter\CodeIgniter->runController(Object(App\Controllers\AdminDashboard))
 4 SYSTEMPATH\CodeIgniter.php(368): CodeIgniter\CodeIgniter->handleRequest(null, Object(Config\Cache), false)
 5 FCPATH\index.php(67): CodeIgniter\CodeIgniter->run()
CRITICAL - 2023-05-30 10:36:33 --> Call to a member function getResult() on null
in APPPATH\Views\admin\edit_user.php on line 19.
 1 SYSTEMPATH\View\View.php(213): include()
 2 SYSTEMPATH\View\View.php(216): CodeIgniter\View\View->CodeIgniter\View\{closure}()
 3 SYSTEMPATH\Common.php(1184): CodeIgniter\View\View->render('admin/edit_user', [], true)
 4 APPPATH\Controllers\AdminDashboard.php(27): view('admin/edit_user', [...])
 5 SYSTEMPATH\CodeIgniter.php(934): App\Controllers\AdminDashboard->users_edit('1')
 6 SYSTEMPATH\CodeIgniter.php(499): CodeIgniter\CodeIgniter->runController(Object(App\Controllers\AdminDashboard))
 7 SYSTEMPATH\CodeIgniter.php(368): CodeIgniter\CodeIgniter->handleRequest(null, Object(Config\Cache), false)
 8 FCPATH\index.php(67): CodeIgniter\CodeIgniter->run()
CRITICAL - 2023-05-30 10:36:49 --> Invalid argument supplied for foreach()
in APPPATH\Views\admin\edit_user.php on line 19.
 1 APPPATH\Views\admin\edit_user.php(19): CodeIgniter\Debug\Exceptions->errorHandler(2, 'Invalid argument supplied for foreach()', 'C:\\wamp\\www\\BeSeen\\app\\Views\\admin\\edit_user.php', 19, [...])
 2 SYSTEMPATH\View\View.php(213): include('C:\\wamp\\www\\BeSeen\\app\\Views\\admin\\edit_user.php')
 3 SYSTEMPATH\View\View.php(216): CodeIgniter\View\View->CodeIgniter\View\{closure}()
 4 SYSTEMPATH\Common.php(1184): CodeIgniter\View\View->render('admin/edit_user', [], true)
 5 APPPATH\Controllers\AdminDashboard.php(27): view('admin/edit_user', [...])
 6 SYSTEMPATH\CodeIgniter.php(934): App\Controllers\AdminDashboard->users_edit('1')
 7 SYSTEMPATH\CodeIgniter.php(499): CodeIgniter\CodeIgniter->runController(Object(App\Controllers\AdminDashboard))
 8 SYSTEMPATH\CodeIgniter.php(368): CodeIgniter\CodeIgniter->handleRequest(null, Object(Config\Cache), false)
 9 FCPATH\index.php(67): CodeIgniter\CodeIgniter->run()
CRITICAL - 2023-05-30 10:36:57 --> Invalid argument supplied for foreach()
in APPPATH\Views\admin\edit_user.php on line 19.
 1 APPPATH\Views\admin\edit_user.php(19): CodeIgniter\Debug\Exceptions->errorHandler(2, 'Invalid argument supplied for foreach()', 'C:\\wamp\\www\\BeSeen\\app\\Views\\admin\\edit_user.php', 19, [...])
 2 SYSTEMPATH\View\View.php(213): include('C:\\wamp\\www\\BeSeen\\app\\Views\\admin\\edit_user.php')
 3 SYSTEMPATH\View\View.php(216): CodeIgniter\View\View->CodeIgniter\View\{closure}()
 4 SYSTEMPATH\Common.php(1184): CodeIgniter\View\View->render('admin/edit_user', [], true)
 5 APPPATH\Controllers\AdminDashboard.php(27): view('admin/edit_user', [...])
 6 SYSTEMPATH\CodeIgniter.php(934): App\Controllers\AdminDashboard->users_edit('1')
 7 SYSTEMPATH\CodeIgniter.php(499): CodeIgniter\CodeIgniter->runController(Object(App\Controllers\AdminDashboard))
 8 SYSTEMPATH\CodeIgniter.php(368): CodeIgniter\CodeIgniter->handleRequest(null, Object(Config\Cache), false)
 9 FCPATH\index.php(67): CodeIgniter\CodeIgniter->run()
CRITICAL - 2023-05-30 10:37:39 --> Invalid argument supplied for foreach()
in APPPATH\Views\admin\edit_user.php on line 19.
 1 APPPATH\Views\admin\edit_user.php(19): CodeIgniter\Debug\Exceptions->errorHandler(2, 'Invalid argument supplied for foreach()', 'C:\\wamp\\www\\BeSeen\\app\\Views\\admin\\edit_user.php', 19, [...])
 2 SYSTEMPATH\View\View.php(213): include('C:\\wamp\\www\\BeSeen\\app\\Views\\admin\\edit_user.php')
 3 SYSTEMPATH\View\View.php(216): CodeIgniter\View\View->CodeIgniter\View\{closure}()
 4 SYSTEMPATH\Common.php(1184): CodeIgniter\View\View->render('admin/edit_user', [], true)
 5 APPPATH\Controllers\AdminDashboard.php(27): view('admin/edit_user', [...])
 6 SYSTEMPATH\CodeIgniter.php(934): App\Controllers\AdminDashboard->users_edit('1')
 7 SYSTEMPATH\CodeIgniter.php(499): CodeIgniter\CodeIgniter->runController(Object(App\Controllers\AdminDashboard))
 8 SYSTEMPATH\CodeIgniter.php(368): CodeIgniter\CodeIgniter->handleRequest(null, Object(Config\Cache), false)
 9 FCPATH\index.php(67): CodeIgniter\CodeIgniter->run()
CRITICAL - 2023-05-30 10:38:17 --> Invalid argument supplied for foreach()
in APPPATH\Views\admin\edit_user.php on line 19.
 1 APPPATH\Views\admin\edit_user.php(19): CodeIgniter\Debug\Exceptions->errorHandler(2, 'Invalid argument supplied for foreach()', 'C:\\wamp\\www\\BeSeen\\app\\Views\\admin\\edit_user.php', 19, [...])
 2 SYSTEMPATH\View\View.php(213): include('C:\\wamp\\www\\BeSeen\\app\\Views\\admin\\edit_user.php')
 3 SYSTEMPATH\View\View.php(216): CodeIgniter\View\View->CodeIgniter\View\{closure}()
 4 SYSTEMPATH\Common.php(1184): CodeIgniter\View\View->render('admin/edit_user', [], true)
 5 APPPATH\Controllers\AdminDashboard.php(27): view('admin/edit_user', [...])
 6 SYSTEMPATH\CodeIgniter.php(934): App\Controllers\AdminDashboard->users_edit('1')
 7 SYSTEMPATH\CodeIgniter.php(499): CodeIgniter\CodeIgniter->runController(Object(App\Controllers\AdminDashboard))
 8 SYSTEMPATH\CodeIgniter.php(368): CodeIgniter\CodeIgniter->handleRequest(null, Object(Config\Cache), false)
 9 FCPATH\index.php(67): CodeIgniter\CodeIgniter->run()
CRITICAL - 2023-05-30 10:38:35 --> Invalid argument supplied for foreach()
in APPPATH\Views\admin\edit_user.php on line 19.
 1 APPPATH\Views\admin\edit_user.php(19): CodeIgniter\Debug\Exceptions->errorHandler(2, 'Invalid argument supplied for foreach()', 'C:\\wamp\\www\\BeSeen\\app\\Views\\admin\\edit_user.php', 19, [...])
 2 SYSTEMPATH\View\View.php(213): include('C:\\wamp\\www\\BeSeen\\app\\Views\\admin\\edit_user.php')
 3 SYSTEMPATH\View\View.php(216): CodeIgniter\View\View->CodeIgniter\View\{closure}()
 4 SYSTEMPATH\Common.php(1184): CodeIgniter\View\View->render('admin/edit_user', [], true)
 5 APPPATH\Controllers\AdminDashboard.php(27): view('admin/edit_user', [...])
 6 SYSTEMPATH\CodeIgniter.php(934): App\Controllers\AdminDashboard->users_edit('1')
 7 SYSTEMPATH\CodeIgniter.php(499): CodeIgniter\CodeIgniter->runController(Object(App\Controllers\AdminDashboard))
 8 SYSTEMPATH\CodeIgniter.php(368): CodeIgniter\CodeIgniter->handleRequest(null, Object(Config\Cache), false)
 9 FCPATH\index.php(67): CodeIgniter\CodeIgniter->run()
CRITICAL - 2023-05-30 10:45:32 --> Call to a member function getResult() on null
in APPPATH\Views\admin\edit_user.php on line 19.
 1 SYSTEMPATH\View\View.php(213): include()
 2 SYSTEMPATH\View\View.php(216): CodeIgniter\View\View->CodeIgniter\View\{closure}()
 3 SYSTEMPATH\Common.php(1184): CodeIgniter\View\View->render('admin/edit_user', [], true)
 4 APPPATH\Controllers\AdminDashboard.php(27): view('admin/edit_user', [...])
 5 SYSTEMPATH\CodeIgniter.php(934): App\Controllers\AdminDashboard->users_edit('1')
 6 SYSTEMPATH\CodeIgniter.php(499): CodeIgniter\CodeIgniter->runController(Object(App\Controllers\AdminDashboard))
 7 SYSTEMPATH\CodeIgniter.php(368): CodeIgniter\CodeIgniter->handleRequest(null, Object(Config\Cache), false)
 8 FCPATH\index.php(67): CodeIgniter\CodeIgniter->run()
CRITICAL - 2023-05-30 10:48:08 --> Invalid argument supplied for foreach()
in APPPATH\Views\admin\edit_user.php on line 19.
 1 APPPATH\Views\admin\edit_user.php(19): CodeIgniter\Debug\Exceptions->errorHandler(2, 'Invalid argument supplied for foreach()', 'C:\\wamp\\www\\BeSeen\\app\\Views\\admin\\edit_user.php', 19, [...])
 2 SYSTEMPATH\View\View.php(213): include('C:\\wamp\\www\\BeSeen\\app\\Views\\admin\\edit_user.php')
 3 SYSTEMPATH\View\View.php(216): CodeIgniter\View\View->CodeIgniter\View\{closure}()
 4 SYSTEMPATH\Common.php(1184): CodeIgniter\View\View->render('admin/edit_user', [], true)
 5 APPPATH\Controllers\AdminDashboard.php(27): view('admin/edit_user', [...])
 6 SYSTEMPATH\CodeIgniter.php(934): App\Controllers\AdminDashboard->users_edit('1')
 7 SYSTEMPATH\CodeIgniter.php(499): CodeIgniter\CodeIgniter->runController(Object(App\Controllers\AdminDashboard))
 8 SYSTEMPATH\CodeIgniter.php(368): CodeIgniter\CodeIgniter->handleRequest(null, Object(Config\Cache), false)
 9 FCPATH\index.php(67): CodeIgniter\CodeIgniter->run()
CRITICAL - 2023-05-30 10:51:37 --> Invalid argument supplied for foreach()
in APPPATH\Views\admin\edit_user.php on line 19.
 1 APPPATH\Views\admin\edit_user.php(19): CodeIgniter\Debug\Exceptions->errorHandler(2, 'Invalid argument supplied for foreach()', 'C:\\wamp\\www\\BeSeen\\app\\Views\\admin\\edit_user.php', 19, [...])
 2 SYSTEMPATH\View\View.php(213): include('C:\\wamp\\www\\BeSeen\\app\\Views\\admin\\edit_user.php')
 3 SYSTEMPATH\View\View.php(216): CodeIgniter\View\View->CodeIgniter\View\{closure}()
 4 SYSTEMPATH\Common.php(1184): CodeIgniter\View\View->render('admin/edit_user', [], true)
 5 APPPATH\Controllers\AdminDashboard.php(27): view('admin/edit_user', [...])
 6 SYSTEMPATH\CodeIgniter.php(934): App\Controllers\AdminDashboard->users_edit('1')
 7 SYSTEMPATH\CodeIgniter.php(499): CodeIgniter\CodeIgniter->runController(Object(App\Controllers\AdminDashboard))
 8 SYSTEMPATH\CodeIgniter.php(368): CodeIgniter\CodeIgniter->handleRequest(null, Object(Config\Cache), false)
 9 FCPATH\index.php(67): CodeIgniter\CodeIgniter->run()
CRITICAL - 2023-05-30 11:46:45 --> Argument 2 passed to view() must be of the type array, null given, called in C:\wamp\www\BeSeen\app\Controllers\AdminDashboard.php on line 28
in SYSTEMPATH\Common.php on line 1172.
 1 APPPATH\Controllers\AdminDashboard.php(28): view('admin/add_user', null)
 2 SYSTEMPATH\CodeIgniter.php(934): App\Controllers\AdminDashboard->users_edit('1')
 3 SYSTEMPATH\CodeIgniter.php(499): CodeIgniter\CodeIgniter->runController(Object(App\Controllers\AdminDashboard))
 4 SYSTEMPATH\CodeIgniter.php(368): CodeIgniter\CodeIgniter->handleRequest(null, Object(Config\Cache), false)
 5 FCPATH\index.php(67): CodeIgniter\CodeIgniter->run()
CRITICAL - 2023-05-30 11:47:24 --> Argument 2 passed to view() must be of the type array, null given, called in C:\wamp\www\BeSeen\app\Controllers\AdminDashboard.php on line 28
in SYSTEMPATH\Common.php on line 1172.
 1 APPPATH\Controllers\AdminDashboard.php(28): view('admin/add_user', null)
 2 SYSTEMPATH\CodeIgniter.php(934): App\Controllers\AdminDashboard->users_edit('1')
 3 SYSTEMPATH\CodeIgniter.php(499): CodeIgniter\CodeIgniter->runController(Object(App\Controllers\AdminDashboard))
 4 SYSTEMPATH\CodeIgniter.php(368): CodeIgniter\CodeIgniter->handleRequest(null, Object(Config\Cache), false)
 5 FCPATH\index.php(67): CodeIgniter\CodeIgniter->run()
CRITICAL - 2023-05-30 11:47:25 --> Argument 2 passed to view() must be of the type array, null given, called in C:\wamp\www\BeSeen\app\Controllers\AdminDashboard.php on line 28
in SYSTEMPATH\Common.php on line 1172.
 1 APPPATH\Controllers\AdminDashboard.php(28): view('admin/add_user', null)
 2 SYSTEMPATH\CodeIgniter.php(934): App\Controllers\AdminDashboard->users_edit('1')
 3 SYSTEMPATH\CodeIgniter.php(499): CodeIgniter\CodeIgniter->runController(Object(App\Controllers\AdminDashboard))
 4 SYSTEMPATH\CodeIgniter.php(368): CodeIgniter\CodeIgniter->handleRequest(null, Object(Config\Cache), false)
 5 FCPATH\index.php(67): CodeIgniter\CodeIgniter->run()
CRITICAL - 2023-05-30 13:03:25 --> Call to undefined method App\Controllers\Product::getvar()
in APPPATH\Controllers\Product.php on line 18.
 1 SYSTEMPATH\CodeIgniter.php(934): App\Controllers\Product->addproduct()
 2 SYSTEMPATH\CodeIgniter.php(499): CodeIgniter\CodeIgniter->runController(Object(App\Controllers\Product))
 3 SYSTEMPATH\CodeIgniter.php(368): CodeIgniter\CodeIgniter->handleRequest(null, Object(Config\Cache), false)
 4 FCPATH\index.php(67): CodeIgniter\CodeIgniter->run()
CRITICAL - 2023-05-30 13:03:52 --> Call to undefined method App\Controllers\Product::getvar()
in APPPATH\Controllers\Product.php on line 18.
 1 SYSTEMPATH\CodeIgniter.php(934): App\Controllers\Product->addproduct()
 2 SYSTEMPATH\CodeIgniter.php(499): CodeIgniter\CodeIgniter->runController(Object(App\Controllers\Product))
 3 SYSTEMPATH\CodeIgniter.php(368): CodeIgniter\CodeIgniter->handleRequest(null, Object(Config\Cache), false)
 4 FCPATH\index.php(67): CodeIgniter\CodeIgniter->run()
CRITICAL - 2023-05-30 13:04:06 --> Call to undefined method App\Controllers\Product::getvar()
in APPPATH\Controllers\Product.php on line 18.
 1 SYSTEMPATH\CodeIgniter.php(934): App\Controllers\Product->addproduct()
 2 SYSTEMPATH\CodeIgniter.php(499): CodeIgniter\CodeIgniter->runController(Object(App\Controllers\Product))
 3 SYSTEMPATH\CodeIgniter.php(368): CodeIgniter\CodeIgniter->handleRequest(null, Object(Config\Cache), false)
 4 FCPATH\index.php(67): CodeIgniter\CodeIgniter->run()
CRITICAL - 2023-05-30 13:06:04 --> Call to undefined method App\Controllers\Product::getvar()
in APPPATH\Controllers\Product.php on line 18.
 1 SYSTEMPATH\CodeIgniter.php(934): App\Controllers\Product->addproduct()
 2 SYSTEMPATH\CodeIgniter.php(499): CodeIgniter\CodeIgniter->runController(Object(App\Controllers\Product))
 3 SYSTEMPATH\CodeIgniter.php(368): CodeIgniter\CodeIgniter->handleRequest(null, Object(Config\Cache), false)
 4 FCPATH\index.php(67): CodeIgniter\CodeIgniter->run()
CRITICAL - 2023-05-30 13:06:43 --> Call to undefined method App\Controllers\Product::getvar()
in APPPATH\Controllers\Product.php on line 18.
 1 SYSTEMPATH\CodeIgniter.php(934): App\Controllers\Product->addproduct()
 2 SYSTEMPATH\CodeIgniter.php(499): CodeIgniter\CodeIgniter->runController(Object(App\Controllers\Product))
 3 SYSTEMPATH\CodeIgniter.php(368): CodeIgniter\CodeIgniter->handleRequest(null, Object(Config\Cache), false)
 4 FCPATH\index.php(67): CodeIgniter\CodeIgniter->run()
CRITICAL - 2023-05-30 13:07:47 --> Array callback has to contain indices 0 and 1
in APPPATH\Controllers\Product.php on line 18.
 1 SYSTEMPATH\CodeIgniter.php(934): App\Controllers\Product->addproduct()
 2 SYSTEMPATH\CodeIgniter.php(499): CodeIgniter\CodeIgniter->runController(Object(App\Controllers\Product))
 3 SYSTEMPATH\CodeIgniter.php(368): CodeIgniter\CodeIgniter->handleRequest(null, Object(Config\Cache), false)
 4 FCPATH\index.php(67): CodeIgniter\CodeIgniter->run()
CRITICAL - 2023-05-30 13:08:28 --> Array callback has to contain indices 0 and 1
in APPPATH\Controllers\Product.php on line 18.
 1 SYSTEMPATH\CodeIgniter.php(934): App\Controllers\Product->addproduct()
 2 SYSTEMPATH\CodeIgniter.php(499): CodeIgniter\CodeIgniter->runController(Object(App\Controllers\Product))
 3 SYSTEMPATH\CodeIgniter.php(368): CodeIgniter\CodeIgniter->handleRequest(null, Object(Config\Cache), false)
 4 FCPATH\index.php(67): CodeIgniter\CodeIgniter->run()
CRITICAL - 2023-05-30 13:16:09 --> Class 'App\Controllers\ProductModel' not found
in APPPATH\Controllers\Product.php on line 22.
 1 SYSTEMPATH\CodeIgniter.php(934): App\Controllers\Product->addproduct()
 2 SYSTEMPATH\CodeIgniter.php(499): CodeIgniter\CodeIgniter->runController(Object(App\Controllers\Product))
 3 SYSTEMPATH\CodeIgniter.php(368): CodeIgniter\CodeIgniter->handleRequest(null, Object(Config\Cache), false)
 4 FCPATH\index.php(67): CodeIgniter\CodeIgniter->run()
