CRITICAL - 2023-05-29 08:14:08 --> Invalid file: "layouts/base.php"
in SYSTEMPATH\Exceptions\FrameworkException.php on line 33.
 1 SYSTEMPATH\View\View.php(201): CodeIgniter\Exceptions\FrameworkException::forInvalidFile('layouts/base.php')
 2 SYSTEMPATH\View\View.php(229): CodeIgniter\View\View->render('layouts/base', [], true)
 3 SYSTEMPATH\Common.php(1184): CodeIgniter\View\View->render('admin/dashboard', [], true)
 4 APPPATH\Controllers\admin.php(14): view('admin/dashboard')
 5 SYSTEMPATH\CodeIgniter.php(934): App\Controllers\admin->index()
 6 SYSTEMPATH\CodeIgniter.php(499): CodeIgniter\CodeIgniter->runController(Object(App\Controllers\admin))
 7 SYSTEMPATH\CodeIgniter.php(368): CodeIgniter\CodeIgniter->handleRequest(null, Object(Config\Cache), false)
 8 FCPATH\index.php(67): CodeIgniter\CodeIgniter->run()
CRITICAL - 2023-05-29 09:56:25 --> Invalid file: "admin/index.php"
in SYSTEMPATH\Exceptions\FrameworkException.php on line 33.
 1 SYSTEMPATH\View\View.php(201): CodeIgniter\Exceptions\FrameworkException::forInvalidFile('admin/index.php')
 2 SYSTEMPATH\Common.php(1184): CodeIgniter\View\View->render('admin/index', [], true)
 3 APPPATH\Controllers\Admin.php(15): view('admin/index')
 4 SYSTEMPATH\CodeIgniter.php(934): App\Controllers\Admin->index()
 5 SYSTEMPATH\CodeIgniter.php(499): CodeIgniter\CodeIgniter->runController(Object(App\Controllers\Admin))
 6 SYSTEMPATH\CodeIgniter.php(368): CodeIgniter\CodeIgniter->handleRequest(null, Object(Config\Cache), false)
 7 FCPATH\index.php(67): CodeIgniter\CodeIgniter->run()
ERROR - 2023-05-29 10:14:20 --> Error connecting to the database: mysqli_sql_exception: No connection could be made because the target machine actively refused it.
 in C:\wamp\www\BeSeen\system\Database\MySQLi\Connection.php:174
Stack trace:
#0 C:\wamp\www\BeSeen\system\Database\MySQLi\Connection.php(174): mysqli->real_connect('localhost', '', '', '', 3306, '', 0)
#1 C:\wamp\www\BeSeen\system\Database\BaseConnection.php(391): CodeIgniter\Database\MySQLi\Connection->connect(false)
#2 C:\wamp\www\BeSeen\system\Database\BaseConnection.php(574): CodeIgniter\Database\BaseConnection->initialize()
#3 C:\wamp\www\BeSeen\system\Database\BaseBuilder.php(1616): CodeIgniter\Database\BaseConnection->query('SELECT *\nFROM `...', Array, false)
#4 C:\wamp\www\BeSeen\system\Model.php(268): CodeIgniter\Database\BaseBuilder->get()
#5 C:\wamp\www\BeSeen\system\BaseModel.php(656): CodeIgniter\Model->doFirst()
#6 C:\wamp\www\BeSeen\app\Controllers\Admin.php(23): CodeIgniter\BaseModel->first()
#7 C:\wamp\www\BeSeen\system\CodeIgniter.php(934): App\Controllers\Admin->login()
#8 C:\wamp\www\BeSeen\system\CodeIgniter.php(499): CodeIgniter\CodeIgniter->runController(Object(App\Controllers\Admin))
#9 C:\wamp\www\BeSeen\system\CodeIgniter.php(368): CodeIgniter\CodeIgniter->handleRequest(NULL, Object(Config\Cache), false)
#10 C:\wamp\www\BeSeen\index.php(67): CodeIgniter\CodeIgniter->run()
#11 {main}

Next CodeIgniter\Database\Exceptions\DatabaseException: No connection could be made because the target machine actively refused it.
 in C:\wamp\www\BeSeen\system\Database\MySQLi\Connection.php:218
Stack trace:
#0 C:\wamp\www\BeSeen\system\Database\BaseConnection.php(391): CodeIgniter\Database\MySQLi\Connection->connect(false)
#1 C:\wamp\www\BeSeen\system\Database\BaseConnection.php(574): CodeIgniter\Database\BaseConnection->initialize()
#2 C:\wamp\www\BeSeen\system\Database\BaseBuilder.php(1616): CodeIgniter\Database\BaseConnection->query('SELECT *\nFROM `...', Array, false)
#3 C:\wamp\www\BeSeen\system\Model.php(268): CodeIgniter\Database\BaseBuilder->get()
#4 C:\wamp\www\BeSeen\system\BaseModel.php(656): CodeIgniter\Model->doFirst()
#5 C:\wamp\www\BeSeen\app\Controllers\Admin.php(23): CodeIgniter\BaseModel->first()
#6 C:\wamp\www\BeSeen\system\CodeIgniter.php(934): App\Controllers\Admin->login()
#7 C:\wamp\www\BeSeen\system\CodeIgniter.php(499): CodeIgniter\CodeIgniter->runController(Object(App\Controllers\Admin))
#8 C:\wamp\www\BeSeen\system\CodeIgniter.php(368): CodeIgniter\CodeIgniter->handleRequest(NULL, Object(Config\Cache), false)
#9 C:\wamp\www\BeSeen\index.php(67): CodeIgniter\CodeIgniter->run()
#10 {main}
CRITICAL - 2023-05-29 10:14:20 --> Unable to connect to the database.
Main connection [MySQLi]: No connection could be made because the target machine actively refused it.

in SYSTEMPATH\Database\BaseConnection.php on line 427.
 1 SYSTEMPATH\Database\BaseConnection.php(574): CodeIgniter\Database\BaseConnection->initialize()
 2 SYSTEMPATH\Database\BaseBuilder.php(1616): CodeIgniter\Database\BaseConnection->query('SELECT *
FROM `admin`
WHERE `username` = :username:
AND `password` = :password:
 LIMIT 1', [...], false)
 3 SYSTEMPATH\Model.php(268): CodeIgniter\Database\BaseBuilder->get()
 4 SYSTEMPATH\BaseModel.php(656): CodeIgniter\Model->doFirst()
 5 APPPATH\Controllers\Admin.php(23): CodeIgniter\BaseModel->first()
 6 SYSTEMPATH\CodeIgniter.php(934): App\Controllers\Admin->login()
 7 SYSTEMPATH\CodeIgniter.php(499): CodeIgniter\CodeIgniter->runController(Object(App\Controllers\Admin))
 8 SYSTEMPATH\CodeIgniter.php(368): CodeIgniter\CodeIgniter->handleRequest(null, Object(Config\Cache), false)
 9 FCPATH\index.php(67): CodeIgniter\CodeIgniter->run()
ERROR - 2023-05-29 10:14:37 --> Error connecting to the database: mysqli_sql_exception: No connection could be made because the target machine actively refused it.
 in C:\wamp\www\BeSeen\system\Database\MySQLi\Connection.php:174
Stack trace:
#0 C:\wamp\www\BeSeen\system\Database\MySQLi\Connection.php(174): mysqli->real_connect('localhost', '', '', '', 3306, '', 0)
#1 C:\wamp\www\BeSeen\system\Database\BaseConnection.php(391): CodeIgniter\Database\MySQLi\Connection->connect(false)
#2 C:\wamp\www\BeSeen\system\Database\BaseConnection.php(574): CodeIgniter\Database\BaseConnection->initialize()
#3 C:\wamp\www\BeSeen\system\Database\BaseBuilder.php(1616): CodeIgniter\Database\BaseConnection->query('SELECT *\nFROM `...', Array, false)
#4 C:\wamp\www\BeSeen\system\Model.php(268): CodeIgniter\Database\BaseBuilder->get()
#5 C:\wamp\www\BeSeen\system\BaseModel.php(656): CodeIgniter\Model->doFirst()
#6 C:\wamp\www\BeSeen\app\Controllers\Admin.php(23): CodeIgniter\BaseModel->first()
#7 C:\wamp\www\BeSeen\system\CodeIgniter.php(934): App\Controllers\Admin->login()
#8 C:\wamp\www\BeSeen\system\CodeIgniter.php(499): CodeIgniter\CodeIgniter->runController(Object(App\Controllers\Admin))
#9 C:\wamp\www\BeSeen\system\CodeIgniter.php(368): CodeIgniter\CodeIgniter->handleRequest(NULL, Object(Config\Cache), false)
#10 C:\wamp\www\BeSeen\index.php(67): CodeIgniter\CodeIgniter->run()
#11 {main}

Next CodeIgniter\Database\Exceptions\DatabaseException: No connection could be made because the target machine actively refused it.
 in C:\wamp\www\BeSeen\system\Database\MySQLi\Connection.php:218
Stack trace:
#0 C:\wamp\www\BeSeen\system\Database\BaseConnection.php(391): CodeIgniter\Database\MySQLi\Connection->connect(false)
#1 C:\wamp\www\BeSeen\system\Database\BaseConnection.php(574): CodeIgniter\Database\BaseConnection->initialize()
#2 C:\wamp\www\BeSeen\system\Database\BaseBuilder.php(1616): CodeIgniter\Database\BaseConnection->query('SELECT *\nFROM `...', Array, false)
#3 C:\wamp\www\BeSeen\system\Model.php(268): CodeIgniter\Database\BaseBuilder->get()
#4 C:\wamp\www\BeSeen\system\BaseModel.php(656): CodeIgniter\Model->doFirst()
#5 C:\wamp\www\BeSeen\app\Controllers\Admin.php(23): CodeIgniter\BaseModel->first()
#6 C:\wamp\www\BeSeen\system\CodeIgniter.php(934): App\Controllers\Admin->login()
#7 C:\wamp\www\BeSeen\system\CodeIgniter.php(499): CodeIgniter\CodeIgniter->runController(Object(App\Controllers\Admin))
#8 C:\wamp\www\BeSeen\system\CodeIgniter.php(368): CodeIgniter\CodeIgniter->handleRequest(NULL, Object(Config\Cache), false)
#9 C:\wamp\www\BeSeen\index.php(67): CodeIgniter\CodeIgniter->run()
#10 {main}
CRITICAL - 2023-05-29 10:14:37 --> Unable to connect to the database.
Main connection [MySQLi]: No connection could be made because the target machine actively refused it.

in SYSTEMPATH\Database\BaseConnection.php on line 427.
 1 SYSTEMPATH\Database\BaseConnection.php(574): CodeIgniter\Database\BaseConnection->initialize()
 2 SYSTEMPATH\Database\BaseBuilder.php(1616): CodeIgniter\Database\BaseConnection->query('SELECT *
FROM `admin`
WHERE `username` = :username:
AND `password` = :password:
 LIMIT 1', [...], false)
 3 SYSTEMPATH\Model.php(268): CodeIgniter\Database\BaseBuilder->get()
 4 SYSTEMPATH\BaseModel.php(656): CodeIgniter\Model->doFirst()
 5 APPPATH\Controllers\Admin.php(23): CodeIgniter\BaseModel->first()
 6 SYSTEMPATH\CodeIgniter.php(934): App\Controllers\Admin->login()
 7 SYSTEMPATH\CodeIgniter.php(499): CodeIgniter\CodeIgniter->runController(Object(App\Controllers\Admin))
 8 SYSTEMPATH\CodeIgniter.php(368): CodeIgniter\CodeIgniter->handleRequest(null, Object(Config\Cache), false)
 9 FCPATH\index.php(67): CodeIgniter\CodeIgniter->run()
CRITICAL - 2023-05-29 11:26:30 --> Class 'CodeIgniter\Filters\isLoggedInFilter' not found
in SYSTEMPATH\Filters\Filters.php on line 166.
 1 SYSTEMPATH\CodeIgniter.php(473): CodeIgniter\Filters\Filters->run('admin/dashboard', 'before')
 2 SYSTEMPATH\CodeIgniter.php(368): CodeIgniter\CodeIgniter->handleRequest(null, Object(Config\Cache), false)
 3 FCPATH\index.php(67): CodeIgniter\CodeIgniter->run()
CRITICAL - 2023-05-29 11:26:45 --> Class 'CodeIgniter\Filters\isLoggedInFilter' not found
in SYSTEMPATH\Filters\Filters.php on line 166.
 1 SYSTEMPATH\CodeIgniter.php(473): CodeIgniter\Filters\Filters->run('admin/dashboard', 'before')
 2 SYSTEMPATH\CodeIgniter.php(368): CodeIgniter\CodeIgniter->handleRequest(null, Object(Config\Cache), false)
 3 FCPATH\index.php(67): CodeIgniter\CodeIgniter->run()
CRITICAL - 2023-05-29 11:27:53 --> Class 'CodeIgniter\Filters\isLoggedInFilter' not found
in SYSTEMPATH\Filters\Filters.php on line 166.
 1 SYSTEMPATH\CodeIgniter.php(473): CodeIgniter\Filters\Filters->run('admin/dashboard', 'before')
 2 SYSTEMPATH\CodeIgniter.php(368): CodeIgniter\CodeIgniter->handleRequest(null, Object(Config\Cache), false)
 3 FCPATH\index.php(67): CodeIgniter\CodeIgniter->run()
CRITICAL - 2023-05-29 11:27:55 --> Class 'CodeIgniter\Filters\isLoggedInFilter' not found
in SYSTEMPATH\Filters\Filters.php on line 166.
 1 SYSTEMPATH\CodeIgniter.php(473): CodeIgniter\Filters\Filters->run('admin/dashboard', 'before')
 2 SYSTEMPATH\CodeIgniter.php(368): CodeIgniter\CodeIgniter->handleRequest(null, Object(Config\Cache), false)
 3 FCPATH\index.php(67): CodeIgniter\CodeIgniter->run()
CRITICAL - 2023-05-29 11:28:15 --> Class 'CodeIgniter\Filters\isLoggedInFilter' not found
in SYSTEMPATH\Filters\Filters.php on line 166.
 1 SYSTEMPATH\CodeIgniter.php(473): CodeIgniter\Filters\Filters->run('admin/dashboard', 'before')
 2 SYSTEMPATH\CodeIgniter.php(368): CodeIgniter\CodeIgniter->handleRequest(null, Object(Config\Cache), false)
 3 FCPATH\index.php(67): CodeIgniter\CodeIgniter->run()
CRITICAL - 2023-05-29 11:28:47 --> Class 'CodeIgniter\Filters\isLoggedInFilter' not found
in SYSTEMPATH\Filters\Filters.php on line 166.
 1 SYSTEMPATH\CodeIgniter.php(473): CodeIgniter\Filters\Filters->run('admin/dashboard', 'before')
 2 SYSTEMPATH\CodeIgniter.php(368): CodeIgniter\CodeIgniter->handleRequest(null, Object(Config\Cache), false)
 3 FCPATH\index.php(67): CodeIgniter\CodeIgniter->run()
CRITICAL - 2023-05-29 13:06:33 --> Argument 1 passed to CodeIgniter\HTTP\RedirectResponse::back() must be of the type int or null, string given, called in C:\wamp\www\BeSeen\app\Filters\isAdminFilter.php on line 14
in SYSTEMPATH\HTTP\RedirectResponse.php on line 74.
 1 APPPATH\Filters\isAdminFilter.php(14): CodeIgniter\HTTP\RedirectResponse->back('/dashboard')
 2 SYSTEMPATH\Filters\Filters.php(173): App\Filters\isAdminFilter->before(Object(CodeIgniter\HTTP\IncomingRequest), null)
 3 SYSTEMPATH\CodeIgniter.php(473): CodeIgniter\Filters\Filters->run('dashboard', 'before')
 4 SYSTEMPATH\CodeIgniter.php(368): CodeIgniter\CodeIgniter->handleRequest(null, Object(Config\Cache), false)
 5 FCPATH\index.php(67): CodeIgniter\CodeIgniter->run()
CRITICAL - 2023-05-29 13:07:02 --> Argument 1 passed to CodeIgniter\HTTP\RedirectResponse::back() must be of the type int or null, string given, called in C:\wamp\www\BeSeen\app\Filters\isAdminFilter.php on line 14
in SYSTEMPATH\HTTP\RedirectResponse.php on line 74.
 1 APPPATH\Filters\isAdminFilter.php(14): CodeIgniter\HTTP\RedirectResponse->back('/dashboard')
 2 SYSTEMPATH\Filters\Filters.php(173): App\Filters\isAdminFilter->before(Object(CodeIgniter\HTTP\IncomingRequest), null)
 3 SYSTEMPATH\CodeIgniter.php(473): CodeIgniter\Filters\Filters->run('dashboard', 'before')
 4 SYSTEMPATH\CodeIgniter.php(368): CodeIgniter\CodeIgniter->handleRequest(null, Object(Config\Cache), false)
 5 FCPATH\index.php(67): CodeIgniter\CodeIgniter->run()
CRITICAL - 2023-05-29 13:13:09 --> Argument 1 passed to CodeIgniter\HTTP\RedirectResponse::back() must be of the type int or null, string given, called in C:\wamp\www\BeSeen\app\Filters\isAdminFilter.php on line 14
in SYSTEMPATH\HTTP\RedirectResponse.php on line 74.
 1 APPPATH\Filters\isAdminFilter.php(14): CodeIgniter\HTTP\RedirectResponse->back('/dashboard')
 2 SYSTEMPATH\Filters\Filters.php(173): App\Filters\isAdminFilter->before(Object(CodeIgniter\HTTP\IncomingRequest), null)
 3 SYSTEMPATH\CodeIgniter.php(473): CodeIgniter\Filters\Filters->run('dashboard', 'before')
 4 SYSTEMPATH\CodeIgniter.php(368): CodeIgniter\CodeIgniter->handleRequest(null, Object(Config\Cache), false)
 5 FCPATH\index.php(67): CodeIgniter\CodeIgniter->run()
CRITICAL - 2023-05-29 13:27:31 --> Argument 1 passed to CodeIgniter\HTTP\RedirectResponse::back() must be of the type int or null, string given, called in C:\wamp\www\BeSeen\app\Filters\isAdminFilter.php on line 14
in SYSTEMPATH\HTTP\RedirectResponse.php on line 74.
 1 APPPATH\Filters\isAdminFilter.php(14): CodeIgniter\HTTP\RedirectResponse->back('/dashboard')
 2 SYSTEMPATH\Filters\Filters.php(173): App\Filters\isAdminFilter->before(Object(CodeIgniter\HTTP\IncomingRequest), null)
 3 SYSTEMPATH\CodeIgniter.php(473): CodeIgniter\Filters\Filters->run('dashboard', 'before')
 4 SYSTEMPATH\CodeIgniter.php(368): CodeIgniter\CodeIgniter->handleRequest(null, Object(Config\Cache), false)
 5 FCPATH\index.php(67): CodeIgniter\CodeIgniter->run()
CRITICAL - 2023-05-29 13:27:33 --> Argument 1 passed to CodeIgniter\HTTP\RedirectResponse::back() must be of the type int or null, string given, called in C:\wamp\www\BeSeen\app\Filters\isAdminFilter.php on line 14
in SYSTEMPATH\HTTP\RedirectResponse.php on line 74.
 1 APPPATH\Filters\isAdminFilter.php(14): CodeIgniter\HTTP\RedirectResponse->back('/dashboard')
 2 SYSTEMPATH\Filters\Filters.php(173): App\Filters\isAdminFilter->before(Object(CodeIgniter\HTTP\IncomingRequest), null)
 3 SYSTEMPATH\CodeIgniter.php(473): CodeIgniter\Filters\Filters->run('dashboard', 'before')
 4 SYSTEMPATH\CodeIgniter.php(368): CodeIgniter\CodeIgniter->handleRequest(null, Object(Config\Cache), false)
 5 FCPATH\index.php(67): CodeIgniter\CodeIgniter->run()
CRITICAL - 2023-05-29 13:32:30 --> Argument 1 passed to CodeIgniter\HTTP\RedirectResponse::back() must be of the type int or null, string given, called in C:\wamp\www\BeSeen\app\Filters\isAdminFilter.php on line 14
in SYSTEMPATH\HTTP\RedirectResponse.php on line 74.
 1 APPPATH\Filters\isAdminFilter.php(14): CodeIgniter\HTTP\RedirectResponse->back('/admin')
 2 SYSTEMPATH\Filters\Filters.php(173): App\Filters\isAdminFilter->before(Object(CodeIgniter\HTTP\IncomingRequest), null)
 3 SYSTEMPATH\CodeIgniter.php(473): CodeIgniter\Filters\Filters->run('dashboard', 'before')
 4 SYSTEMPATH\CodeIgniter.php(368): CodeIgniter\CodeIgniter->handleRequest(null, Object(Config\Cache), false)
 5 FCPATH\index.php(67): CodeIgniter\CodeIgniter->run()
CRITICAL - 2023-05-29 13:32:34 --> Argument 1 passed to CodeIgniter\HTTP\RedirectResponse::back() must be of the type int or null, string given, called in C:\wamp\www\BeSeen\app\Filters\isAdminFilter.php on line 14
in SYSTEMPATH\HTTP\RedirectResponse.php on line 74.
 1 APPPATH\Filters\isAdminFilter.php(14): CodeIgniter\HTTP\RedirectResponse->back('/admin')
 2 SYSTEMPATH\Filters\Filters.php(173): App\Filters\isAdminFilter->before(Object(CodeIgniter\HTTP\IncomingRequest), null)
 3 SYSTEMPATH\CodeIgniter.php(473): CodeIgniter\Filters\Filters->run('dashboard', 'before')
 4 SYSTEMPATH\CodeIgniter.php(368): CodeIgniter\CodeIgniter->handleRequest(null, Object(Config\Cache), false)
 5 FCPATH\index.php(67): CodeIgniter\CodeIgniter->run()
CRITICAL - 2023-05-29 13:32:40 --> Argument 1 passed to CodeIgniter\HTTP\RedirectResponse::back() must be of the type int or null, string given, called in C:\wamp\www\BeSeen\app\Filters\isAdminFilter.php on line 14
in SYSTEMPATH\HTTP\RedirectResponse.php on line 74.
 1 APPPATH\Filters\isAdminFilter.php(14): CodeIgniter\HTTP\RedirectResponse->back('/admin')
 2 SYSTEMPATH\Filters\Filters.php(173): App\Filters\isAdminFilter->before(Object(CodeIgniter\HTTP\IncomingRequest), null)
 3 SYSTEMPATH\CodeIgniter.php(473): CodeIgniter\Filters\Filters->run('dashboard', 'before')
 4 SYSTEMPATH\CodeIgniter.php(368): CodeIgniter\CodeIgniter->handleRequest(null, Object(Config\Cache), false)
 5 FCPATH\index.php(67): CodeIgniter\CodeIgniter->run()
CRITICAL - 2023-05-29 13:32:40 --> Argument 1 passed to CodeIgniter\HTTP\RedirectResponse::back() must be of the type int or null, string given, called in C:\wamp\www\BeSeen\app\Filters\isAdminFilter.php on line 14
in SYSTEMPATH\HTTP\RedirectResponse.php on line 74.
 1 APPPATH\Filters\isAdminFilter.php(14): CodeIgniter\HTTP\RedirectResponse->back('/admin')
 2 SYSTEMPATH\Filters\Filters.php(173): App\Filters\isAdminFilter->before(Object(CodeIgniter\HTTP\IncomingRequest), null)
 3 SYSTEMPATH\CodeIgniter.php(473): CodeIgniter\Filters\Filters->run('dashboard', 'before')
 4 SYSTEMPATH\CodeIgniter.php(368): CodeIgniter\CodeIgniter->handleRequest(null, Object(Config\Cache), false)
 5 FCPATH\index.php(67): CodeIgniter\CodeIgniter->run()
CRITICAL - 2023-05-29 13:32:41 --> Argument 1 passed to CodeIgniter\HTTP\RedirectResponse::back() must be of the type int or null, string given, called in C:\wamp\www\BeSeen\app\Filters\isAdminFilter.php on line 14
in SYSTEMPATH\HTTP\RedirectResponse.php on line 74.
 1 APPPATH\Filters\isAdminFilter.php(14): CodeIgniter\HTTP\RedirectResponse->back('/admin')
 2 SYSTEMPATH\Filters\Filters.php(173): App\Filters\isAdminFilter->before(Object(CodeIgniter\HTTP\IncomingRequest), null)
 3 SYSTEMPATH\CodeIgniter.php(473): CodeIgniter\Filters\Filters->run('dashboard', 'before')
 4 SYSTEMPATH\CodeIgniter.php(368): CodeIgniter\CodeIgniter->handleRequest(null, Object(Config\Cache), false)
 5 FCPATH\index.php(67): CodeIgniter\CodeIgniter->run()
CRITICAL - 2023-05-29 13:32:41 --> Argument 1 passed to CodeIgniter\HTTP\RedirectResponse::back() must be of the type int or null, string given, called in C:\wamp\www\BeSeen\app\Filters\isAdminFilter.php on line 14
in SYSTEMPATH\HTTP\RedirectResponse.php on line 74.
 1 APPPATH\Filters\isAdminFilter.php(14): CodeIgniter\HTTP\RedirectResponse->back('/admin')
 2 SYSTEMPATH\Filters\Filters.php(173): App\Filters\isAdminFilter->before(Object(CodeIgniter\HTTP\IncomingRequest), null)
 3 SYSTEMPATH\CodeIgniter.php(473): CodeIgniter\Filters\Filters->run('dashboard', 'before')
 4 SYSTEMPATH\CodeIgniter.php(368): CodeIgniter\CodeIgniter->handleRequest(null, Object(Config\Cache), false)
 5 FCPATH\index.php(67): CodeIgniter\CodeIgniter->run()
CRITICAL - 2023-05-29 13:32:41 --> Argument 1 passed to CodeIgniter\HTTP\RedirectResponse::back() must be of the type int or null, string given, called in C:\wamp\www\BeSeen\app\Filters\isAdminFilter.php on line 14
in SYSTEMPATH\HTTP\RedirectResponse.php on line 74.
 1 APPPATH\Filters\isAdminFilter.php(14): CodeIgniter\HTTP\RedirectResponse->back('/admin')
 2 SYSTEMPATH\Filters\Filters.php(173): App\Filters\isAdminFilter->before(Object(CodeIgniter\HTTP\IncomingRequest), null)
 3 SYSTEMPATH\CodeIgniter.php(473): CodeIgniter\Filters\Filters->run('dashboard', 'before')
 4 SYSTEMPATH\CodeIgniter.php(368): CodeIgniter\CodeIgniter->handleRequest(null, Object(Config\Cache), false)
 5 FCPATH\index.php(67): CodeIgniter\CodeIgniter->run()
CRITICAL - 2023-05-29 13:32:41 --> Argument 1 passed to CodeIgniter\HTTP\RedirectResponse::back() must be of the type int or null, string given, called in C:\wamp\www\BeSeen\app\Filters\isAdminFilter.php on line 14
in SYSTEMPATH\HTTP\RedirectResponse.php on line 74.
 1 APPPATH\Filters\isAdminFilter.php(14): CodeIgniter\HTTP\RedirectResponse->back('/admin')
 2 SYSTEMPATH\Filters\Filters.php(173): App\Filters\isAdminFilter->before(Object(CodeIgniter\HTTP\IncomingRequest), null)
 3 SYSTEMPATH\CodeIgniter.php(473): CodeIgniter\Filters\Filters->run('dashboard', 'before')
 4 SYSTEMPATH\CodeIgniter.php(368): CodeIgniter\CodeIgniter->handleRequest(null, Object(Config\Cache), false)
 5 FCPATH\index.php(67): CodeIgniter\CodeIgniter->run()
CRITICAL - 2023-05-29 13:32:42 --> Argument 1 passed to CodeIgniter\HTTP\RedirectResponse::back() must be of the type int or null, string given, called in C:\wamp\www\BeSeen\app\Filters\isAdminFilter.php on line 14
in SYSTEMPATH\HTTP\RedirectResponse.php on line 74.
 1 APPPATH\Filters\isAdminFilter.php(14): CodeIgniter\HTTP\RedirectResponse->back('/admin')
 2 SYSTEMPATH\Filters\Filters.php(173): App\Filters\isAdminFilter->before(Object(CodeIgniter\HTTP\IncomingRequest), null)
 3 SYSTEMPATH\CodeIgniter.php(473): CodeIgniter\Filters\Filters->run('dashboard', 'before')
 4 SYSTEMPATH\CodeIgniter.php(368): CodeIgniter\CodeIgniter->handleRequest(null, Object(Config\Cache), false)
 5 FCPATH\index.php(67): CodeIgniter\CodeIgniter->run()
CRITICAL - 2023-05-29 13:34:51 --> Argument 1 passed to CodeIgniter\HTTP\RedirectResponse::back() must be of the type int or null, string given, called in C:\wamp\www\BeSeen\app\Filters\isAdminFilter.php on line 14
in SYSTEMPATH\HTTP\RedirectResponse.php on line 74.
 1 APPPATH\Filters\isAdminFilter.php(14): CodeIgniter\HTTP\RedirectResponse->back('/admin')
 2 SYSTEMPATH\Filters\Filters.php(173): App\Filters\isAdminFilter->before(Object(CodeIgniter\HTTP\IncomingRequest), null)
 3 SYSTEMPATH\CodeIgniter.php(473): CodeIgniter\Filters\Filters->run('dashboard', 'before')
 4 SYSTEMPATH\CodeIgniter.php(368): CodeIgniter\CodeIgniter->handleRequest(null, Object(Config\Cache), false)
 5 FCPATH\index.php(67): CodeIgniter\CodeIgniter->run()
