INFO - 2023-06-10 04:48:53 --> Session: Class initialized using 'CodeIgniter\Session\Handlers\FileHandler' driver.
INFO - 2023-06-10 04:49:50 --> Session: Class initialized using 'CodeIgniter\Session\Handlers\FileHandler' driver.
INFO - 2023-06-10 05:05:55 --> Session: Class initialized using 'CodeIgniter\Session\Handlers\FileHandler' driver.
CRITICAL - 2023-06-10 05:05:55 --> Trying to access array offset on value of type null
in APPPATH/Views/checkout.php on line 221.
 1 APPPATH/Views/checkout.php(221): CodeIgniter\Debug\Exceptions->errorHandler()
 2 SYSTEMPATH/View/View.php(213): include('/home/digilead/public_html/shital/NewBeseen/newbeseen/app/Views/checkout.php')
 3 SYSTEMPATH/View/View.php(216): CodeIgniter\View\View->CodeIgniter\View\{closure}()
 4 SYSTEMPATH/Common.php(1184): CodeIgniter\View\View->render()
 5 APPPATH/Controllers/Home.php(43): view()
 6 SYSTEMPATH/CodeIgniter.php(934): App\Controllers\Home->checkout()
 7 SYSTEMPATH/CodeIgniter.php(499): CodeIgniter\CodeIgniter->runController()
 8 SYSTEMPATH/CodeIgniter.php(368): CodeIgniter\CodeIgniter->handleRequest()
 9 FCPATH/index.php(67): CodeIgniter\CodeIgniter->run()
INFO - 2023-06-10 05:20:46 --> Session: Class initialized using 'CodeIgniter\Session\Handlers\FileHandler' driver.
INFO - 2023-06-10 05:20:49 --> Session: Class initialized using 'CodeIgniter\Session\Handlers\FileHandler' driver.
INFO - 2023-06-10 06:25:37 --> Session: Class initialized using 'CodeIgniter\Session\Handlers\FileHandler' driver.
INFO - 2023-06-10 06:25:41 --> Session: Class initialized using 'CodeIgniter\Session\Handlers\FileHandler' driver.
INFO - 2023-06-10 06:25:53 --> Session: Class initialized using 'CodeIgniter\Session\Handlers\FileHandler' driver.
INFO - 2023-06-10 06:35:57 --> Session: Class initialized using 'CodeIgniter\Session\Handlers\FileHandler' driver.
INFO - 2023-06-10 06:36:00 --> Session: Class initialized using 'CodeIgniter\Session\Handlers\FileHandler' driver.
INFO - 2023-06-10 06:36:16 --> Session: Class initialized using 'CodeIgniter\Session\Handlers\FileHandler' driver.
INFO - 2023-06-10 11:42:47 --> Session: Class initialized using 'CodeIgniter\Session\Handlers\FileHandler' driver.
INFO - 2023-06-10 11:57:58 --> Session: Class initialized using 'CodeIgniter\Session\Handlers\FileHandler' driver.
INFO - 2023-06-10 15:20:23 --> Session: Class initialized using 'CodeIgniter\Session\Handlers\FileHandler' driver.
INFO - 2023-06-10 15:20:34 --> Session: Class initialized using 'CodeIgniter\Session\Handlers\FileHandler' driver.
INFO - 2023-06-10 15:20:37 --> Session: Class initialized using 'CodeIgniter\Session\Handlers\FileHandler' driver.
INFO - 2023-06-10 15:20:56 --> Session: Class initialized using 'CodeIgniter\Session\Handlers\FileHandler' driver.
INFO - 2023-06-10 15:21:06 --> Session: Class initialized using 'CodeIgniter\Session\Handlers\FileHandler' driver.
INFO - 2023-06-10 15:21:32 --> Session: Class initialized using 'CodeIgniter\Session\Handlers\FileHandler' driver.
INFO - 2023-06-10 15:21:33 --> Session: Class initialized using 'CodeIgniter\Session\Handlers\FileHandler' driver.
INFO - 2023-06-10 15:21:35 --> Session: Class initialized using 'CodeIgniter\Session\Handlers\FileHandler' driver.
INFO - 2023-06-10 15:21:37 --> Session: Class initialized using 'CodeIgniter\Session\Handlers\FileHandler' driver.
INFO - 2023-06-10 18:47:13 --> Session: Class initialized using 'CodeIgniter\Session\Handlers\FileHandler' driver.
INFO - 2023-06-10 18:47:20 --> Session: Class initialized using 'CodeIgniter\Session\Handlers\FileHandler' driver.
INFO - 2023-06-10 18:47:20 --> Session: Class initialized using 'CodeIgniter\Session\Handlers\FileHandler' driver.
INFO - 2023-06-10 18:47:53 --> Session: Class initialized using 'CodeIgniter\Session\Handlers\FileHandler' driver.
INFO - 2023-06-10 18:48:54 --> Session: Class initialized using 'CodeIgniter\Session\Handlers\FileHandler' driver.
CRITICAL - 2023-06-10 18:48:54 --> Invalid file: "confirm_details.php"
in SYSTEMPATH/Exceptions/FrameworkException.php on line 33.
 1 SYSTEMPATH/View/View.php(201): CodeIgniter\Exceptions\FrameworkException::forInvalidFile()
 2 SYSTEMPATH/Common.php(1184): CodeIgniter\View\View->render()
 3 APPPATH/Controllers/Home.php(47): view()
 4 SYSTEMPATH/CodeIgniter.php(934): App\Controllers\Home->checkout()
 5 SYSTEMPATH/CodeIgniter.php(499): CodeIgniter\CodeIgniter->runController()
 6 SYSTEMPATH/CodeIgniter.php(368): CodeIgniter\CodeIgniter->handleRequest()
 7 FCPATH/index.php(67): CodeIgniter\CodeIgniter->run()
INFO - 2023-06-10 18:50:38 --> Session: Class initialized using 'CodeIgniter\Session\Handlers\FileHandler' driver.
CRITICAL - 2023-06-10 18:50:38 --> Invalid file: "confirm_details.php"
in SYSTEMPATH/Exceptions/FrameworkException.php on line 33.
 1 SYSTEMPATH/View/View.php(201): CodeIgniter\Exceptions\FrameworkException::forInvalidFile()
 2 SYSTEMPATH/Common.php(1184): CodeIgniter\View\View->render()
 3 APPPATH/Controllers/Home.php(47): view()
 4 SYSTEMPATH/CodeIgniter.php(934): App\Controllers\Home->checkout()
 5 SYSTEMPATH/CodeIgniter.php(499): CodeIgniter\CodeIgniter->runController()
 6 SYSTEMPATH/CodeIgniter.php(368): CodeIgniter\CodeIgniter->handleRequest()
 7 FCPATH/index.php(67): CodeIgniter\CodeIgniter->run()
INFO - 2023-06-10 18:51:08 --> Session: Class initialized using 'CodeIgniter\Session\Handlers\FileHandler' driver.
CRITICAL - 2023-06-10 18:51:08 --> Invalid file: "confirm_details.php"
in SYSTEMPATH/Exceptions/FrameworkException.php on line 33.
 1 SYSTEMPATH/View/View.php(201): CodeIgniter\Exceptions\FrameworkException::forInvalidFile()
 2 SYSTEMPATH/Common.php(1184): CodeIgniter\View\View->render()
 3 APPPATH/Controllers/Home.php(47): view()
 4 SYSTEMPATH/CodeIgniter.php(934): App\Controllers\Home->checkout()
 5 SYSTEMPATH/CodeIgniter.php(499): CodeIgniter\CodeIgniter->runController()
 6 SYSTEMPATH/CodeIgniter.php(368): CodeIgniter\CodeIgniter->handleRequest()
 7 FCPATH/index.php(67): CodeIgniter\CodeIgniter->run()
INFO - 2023-06-10 18:51:09 --> Session: Class initialized using 'CodeIgniter\Session\Handlers\FileHandler' driver.
CRITICAL - 2023-06-10 18:51:09 --> Invalid file: "confirm_details.php"
in SYSTEMPATH/Exceptions/FrameworkException.php on line 33.
 1 SYSTEMPATH/View/View.php(201): CodeIgniter\Exceptions\FrameworkException::forInvalidFile()
 2 SYSTEMPATH/Common.php(1184): CodeIgniter\View\View->render()
 3 APPPATH/Controllers/Home.php(47): view()
 4 SYSTEMPATH/CodeIgniter.php(934): App\Controllers\Home->checkout()
 5 SYSTEMPATH/CodeIgniter.php(499): CodeIgniter\CodeIgniter->runController()
 6 SYSTEMPATH/CodeIgniter.php(368): CodeIgniter\CodeIgniter->handleRequest()
 7 FCPATH/index.php(67): CodeIgniter\CodeIgniter->run()
INFO - 2023-06-10 18:51:11 --> Session: Class initialized using 'CodeIgniter\Session\Handlers\FileHandler' driver.
CRITICAL - 2023-06-10 18:51:11 --> Invalid file: "confirm_details.php"
in SYSTEMPATH/Exceptions/FrameworkException.php on line 33.
 1 SYSTEMPATH/View/View.php(201): CodeIgniter\Exceptions\FrameworkException::forInvalidFile()
 2 SYSTEMPATH/Common.php(1184): CodeIgniter\View\View->render()
 3 APPPATH/Controllers/Home.php(47): view()
 4 SYSTEMPATH/CodeIgniter.php(934): App\Controllers\Home->checkout()
 5 SYSTEMPATH/CodeIgniter.php(499): CodeIgniter\CodeIgniter->runController()
 6 SYSTEMPATH/CodeIgniter.php(368): CodeIgniter\CodeIgniter->handleRequest()
 7 FCPATH/index.php(67): CodeIgniter\CodeIgniter->run()
INFO - 2023-06-10 18:51:14 --> Session: Class initialized using 'CodeIgniter\Session\Handlers\FileHandler' driver.
INFO - 2023-06-10 18:51:18 --> Session: Class initialized using 'CodeIgniter\Session\Handlers\FileHandler' driver.
CRITICAL - 2023-06-10 18:51:19 --> Invalid file: "confirm_details.php"
in SYSTEMPATH/Exceptions/FrameworkException.php on line 33.
 1 SYSTEMPATH/View/View.php(201): CodeIgniter\Exceptions\FrameworkException::forInvalidFile()
 2 SYSTEMPATH/Common.php(1184): CodeIgniter\View\View->render()
 3 APPPATH/Controllers/Home.php(47): view()
 4 SYSTEMPATH/CodeIgniter.php(934): App\Controllers\Home->checkout()
 5 SYSTEMPATH/CodeIgniter.php(499): CodeIgniter\CodeIgniter->runController()
 6 SYSTEMPATH/CodeIgniter.php(368): CodeIgniter\CodeIgniter->handleRequest()
 7 FCPATH/index.php(67): CodeIgniter\CodeIgniter->run()
INFO - 2023-06-10 18:54:32 --> Session: Class initialized using 'CodeIgniter\Session\Handlers\FileHandler' driver.
INFO - 2023-06-10 18:55:16 --> Session: Class initialized using 'CodeIgniter\Session\Handlers\FileHandler' driver.
INFO - 2023-06-10 18:55:16 --> Session: Class initialized using 'CodeIgniter\Session\Handlers\FileHandler' driver.
CRITICAL - 2023-06-10 18:55:16 --> Undefined variable $cart_id
in APPPATH/Views/checkout.php on line 260.
 1 APPPATH/Views/checkout.php(260): CodeIgniter\Debug\Exceptions->errorHandler()
 2 SYSTEMPATH/View/View.php(213): include('/home/digilead/public_html/shital/NewBeseen/newbeseen/app/Views/checkout.php')
 3 SYSTEMPATH/View/View.php(216): CodeIgniter\View\View->CodeIgniter\View\{closure}()
 4 SYSTEMPATH/Common.php(1184): CodeIgniter\View\View->render()
 5 APPPATH/Controllers/Home.php(44): view()
 6 SYSTEMPATH/CodeIgniter.php(934): App\Controllers\Home->checkout()
 7 SYSTEMPATH/CodeIgniter.php(499): CodeIgniter\CodeIgniter->runController()
 8 SYSTEMPATH/CodeIgniter.php(368): CodeIgniter\CodeIgniter->handleRequest()
 9 FCPATH/index.php(67): CodeIgniter\CodeIgniter->run()
INFO - 2023-06-10 18:56:40 --> Session: Class initialized using 'CodeIgniter\Session\Handlers\FileHandler' driver.
CRITICAL - 2023-06-10 18:56:40 --> Undefined variable $cart_id
in APPPATH/Views/checkout.php on line 244.
 1 APPPATH/Views/checkout.php(244): CodeIgniter\Debug\Exceptions->errorHandler()
 2 SYSTEMPATH/View/View.php(213): include('/home/digilead/public_html/shital/NewBeseen/newbeseen/app/Views/checkout.php')
 3 SYSTEMPATH/View/View.php(216): CodeIgniter\View\View->CodeIgniter\View\{closure}()
 4 SYSTEMPATH/Common.php(1184): CodeIgniter\View\View->render()
 5 APPPATH/Controllers/Home.php(44): view()
 6 SYSTEMPATH/CodeIgniter.php(934): App\Controllers\Home->checkout()
 7 SYSTEMPATH/CodeIgniter.php(499): CodeIgniter\CodeIgniter->runController()
 8 SYSTEMPATH/CodeIgniter.php(368): CodeIgniter\CodeIgniter->handleRequest()
 9 FCPATH/index.php(67): CodeIgniter\CodeIgniter->run()
INFO - 2023-06-10 18:56:45 --> Session: Class initialized using 'CodeIgniter\Session\Handlers\FileHandler' driver.
CRITICAL - 2023-06-10 18:56:45 --> Undefined variable $cart_id
in APPPATH/Views/checkout.php on line 244.
 1 APPPATH/Views/checkout.php(244): CodeIgniter\Debug\Exceptions->errorHandler()
 2 SYSTEMPATH/View/View.php(213): include('/home/digilead/public_html/shital/NewBeseen/newbeseen/app/Views/checkout.php')
 3 SYSTEMPATH/View/View.php(216): CodeIgniter\View\View->CodeIgniter\View\{closure}()
 4 SYSTEMPATH/Common.php(1184): CodeIgniter\View\View->render()
 5 APPPATH/Controllers/Home.php(44): view()
 6 SYSTEMPATH/CodeIgniter.php(934): App\Controllers\Home->checkout()
 7 SYSTEMPATH/CodeIgniter.php(499): CodeIgniter\CodeIgniter->runController()
 8 SYSTEMPATH/CodeIgniter.php(368): CodeIgniter\CodeIgniter->handleRequest()
 9 FCPATH/index.php(67): CodeIgniter\CodeIgniter->run()
INFO - 2023-06-10 18:56:47 --> Session: Class initialized using 'CodeIgniter\Session\Handlers\FileHandler' driver.
CRITICAL - 2023-06-10 18:56:47 --> Undefined variable $cart_id
in APPPATH/Views/checkout.php on line 244.
 1 APPPATH/Views/checkout.php(244): CodeIgniter\Debug\Exceptions->errorHandler()
 2 SYSTEMPATH/View/View.php(213): include('/home/digilead/public_html/shital/NewBeseen/newbeseen/app/Views/checkout.php')
 3 SYSTEMPATH/View/View.php(216): CodeIgniter\View\View->CodeIgniter\View\{closure}()
 4 SYSTEMPATH/Common.php(1184): CodeIgniter\View\View->render()
 5 APPPATH/Controllers/Home.php(44): view()
 6 SYSTEMPATH/CodeIgniter.php(934): App\Controllers\Home->checkout()
 7 SYSTEMPATH/CodeIgniter.php(499): CodeIgniter\CodeIgniter->runController()
 8 SYSTEMPATH/CodeIgniter.php(368): CodeIgniter\CodeIgniter->handleRequest()
 9 FCPATH/index.php(67): CodeIgniter\CodeIgniter->run()
INFO - 2023-06-10 18:58:00 --> Session: Class initialized using 'CodeIgniter\Session\Handlers\FileHandler' driver.
CRITICAL - 2023-06-10 18:58:00 --> Undefined variable $cart_id
in APPPATH/Views/checkout.php on line 260.
 1 APPPATH/Views/checkout.php(260): CodeIgniter\Debug\Exceptions->errorHandler()
 2 SYSTEMPATH/View/View.php(213): include('/home/digilead/public_html/shital/NewBeseen/newbeseen/app/Views/checkout.php')
 3 SYSTEMPATH/View/View.php(216): CodeIgniter\View\View->CodeIgniter\View\{closure}()
 4 SYSTEMPATH/Common.php(1184): CodeIgniter\View\View->render()
 5 APPPATH/Controllers/Home.php(43): view()
 6 SYSTEMPATH/CodeIgniter.php(934): App\Controllers\Home->checkout()
 7 SYSTEMPATH/CodeIgniter.php(499): CodeIgniter\CodeIgniter->runController()
 8 SYSTEMPATH/CodeIgniter.php(368): CodeIgniter\CodeIgniter->handleRequest()
 9 FCPATH/index.php(67): CodeIgniter\CodeIgniter->run()
INFO - 2023-06-10 18:58:06 --> Session: Class initialized using 'CodeIgniter\Session\Handlers\FileHandler' driver.
ERROR - 2023-06-10 18:58:06 --> mysqli_sql_exception: You have an error in your SQL syntax; check the manual that corresponds to your MySQL server version for the right syntax to use near '.41.247 and status=0' at line 1 in /home/digilead/public_html/shital/NewBeseen/newbeseen/system/Database/MySQLi/Connection.php:295
Stack trace:
#0 /home/digilead/public_html/shital/NewBeseen/newbeseen/system/Database/MySQLi/Connection.php(295): mysqli->query()
#1 /home/digilead/public_html/shital/NewBeseen/newbeseen/system/Database/BaseConnection.php(692): CodeIgniter\Database\MySQLi\Connection->execute()
#2 /home/digilead/public_html/shital/NewBeseen/newbeseen/system/Database/BaseConnection.php(606): CodeIgniter\Database\BaseConnection->simpleQuery()
#3 /home/digilead/public_html/shital/NewBeseen/newbeseen/app/Views/layout/base.php(234): CodeIgniter\Database\BaseConnection->query()
#4 /home/digilead/public_html/shital/NewBeseen/newbeseen/system/View/View.php(213): include('/home/digilead/...')
#5 /home/digilead/public_html/shital/NewBeseen/newbeseen/system/View/View.php(216): CodeIgniter\View\View->CodeIgniter\View\{closure}()
#6 /home/digilead/public_html/shital/NewBeseen/newbeseen/system/View/View.php(229): CodeIgniter\View\View->render()
#7 /home/digilead/public_html/shital/NewBeseen/newbeseen/system/Common.php(1184): CodeIgniter\View\View->render()
#8 /home/digilead/public_html/shital/NewBeseen/newbeseen/app/Controllers/Home.php(11): view()
#9 /home/digilead/public_html/shital/NewBeseen/newbeseen/system/CodeIgniter.php(934): App\Controllers\Home->index()
#10 /home/digilead/public_html/shital/NewBeseen/newbeseen/system/CodeIgniter.php(499): CodeIgniter\CodeIgniter->runController()
#11 /home/digilead/public_html/shital/NewBeseen/newbeseen/system/CodeIgniter.php(368): CodeIgniter\CodeIgniter->handleRequest()
#12 /home/digilead/public_html/shital/NewBeseen/newbeseen/index.php(67): CodeIgniter\CodeIgniter->run()
#13 {main}
CRITICAL - 2023-06-10 18:58:06 --> You have an error in your SQL syntax; check the manual that corresponds to your MySQL server version for the right syntax to use near '.41.247 and status=0' at line 1
in SYSTEMPATH/Database/MySQLi/Connection.php on line 295.
 1 SYSTEMPATH/Database/MySQLi/Connection.php(295): mysqli->query()
 2 SYSTEMPATH/Database/BaseConnection.php(692): CodeIgniter\Database\MySQLi\Connection->execute()
 3 SYSTEMPATH/Database/BaseConnection.php(606): CodeIgniter\Database\BaseConnection->simpleQuery()
 4 APPPATH/Views/layout/base.php(234): CodeIgniter\Database\BaseConnection->query()
 5 SYSTEMPATH/View/View.php(213): include('/home/digilead/public_html/shital/NewBeseen/newbeseen/app/Views/layout/base.php')
 6 SYSTEMPATH/View/View.php(216): CodeIgniter\View\View->CodeIgniter\View\{closure}()
 7 SYSTEMPATH/View/View.php(229): CodeIgniter\View\View->render()
 8 SYSTEMPATH/Common.php(1184): CodeIgniter\View\View->render()
 9 APPPATH/Controllers/Home.php(11): view()
10 SYSTEMPATH/CodeIgniter.php(934): App\Controllers\Home->index()
11 SYSTEMPATH/CodeIgniter.php(499): CodeIgniter\CodeIgniter->runController()
12 SYSTEMPATH/CodeIgniter.php(368): CodeIgniter\CodeIgniter->handleRequest()
13 FCPATH/index.php(67): CodeIgniter\CodeIgniter->run()
INFO - 2023-06-10 18:58:18 --> Session: Class initialized using 'CodeIgniter\Session\Handlers\FileHandler' driver.
ERROR - 2023-06-10 18:58:18 --> mysqli_sql_exception: You have an error in your SQL syntax; check the manual that corresponds to your MySQL server version for the right syntax to use near '.41.247 and status=0' at line 1 in /home/digilead/public_html/shital/NewBeseen/newbeseen/system/Database/MySQLi/Connection.php:295
Stack trace:
#0 /home/digilead/public_html/shital/NewBeseen/newbeseen/system/Database/MySQLi/Connection.php(295): mysqli->query()
#1 /home/digilead/public_html/shital/NewBeseen/newbeseen/system/Database/BaseConnection.php(692): CodeIgniter\Database\MySQLi\Connection->execute()
#2 /home/digilead/public_html/shital/NewBeseen/newbeseen/system/Database/BaseConnection.php(606): CodeIgniter\Database\BaseConnection->simpleQuery()
#3 /home/digilead/public_html/shital/NewBeseen/newbeseen/app/Views/layout/base.php(234): CodeIgniter\Database\BaseConnection->query()
#4 /home/digilead/public_html/shital/NewBeseen/newbeseen/system/View/View.php(213): include('/home/digilead/...')
#5 /home/digilead/public_html/shital/NewBeseen/newbeseen/system/View/View.php(216): CodeIgniter\View\View->CodeIgniter\View\{closure}()
#6 /home/digilead/public_html/shital/NewBeseen/newbeseen/system/View/View.php(229): CodeIgniter\View\View->render()
#7 /home/digilead/public_html/shital/NewBeseen/newbeseen/system/Common.php(1184): CodeIgniter\View\View->render()
#8 /home/digilead/public_html/shital/NewBeseen/newbeseen/app/Controllers/Home.php(11): view()
#9 /home/digilead/public_html/shital/NewBeseen/newbeseen/system/CodeIgniter.php(934): App\Controllers\Home->index()
#10 /home/digilead/public_html/shital/NewBeseen/newbeseen/system/CodeIgniter.php(499): CodeIgniter\CodeIgniter->runController()
#11 /home/digilead/public_html/shital/NewBeseen/newbeseen/system/CodeIgniter.php(368): CodeIgniter\CodeIgniter->handleRequest()
#12 /home/digilead/public_html/shital/NewBeseen/newbeseen/index.php(67): CodeIgniter\CodeIgniter->run()
#13 {main}
CRITICAL - 2023-06-10 18:58:18 --> You have an error in your SQL syntax; check the manual that corresponds to your MySQL server version for the right syntax to use near '.41.247 and status=0' at line 1
in SYSTEMPATH/Database/MySQLi/Connection.php on line 295.
 1 SYSTEMPATH/Database/MySQLi/Connection.php(295): mysqli->query()
 2 SYSTEMPATH/Database/BaseConnection.php(692): CodeIgniter\Database\MySQLi\Connection->execute()
 3 SYSTEMPATH/Database/BaseConnection.php(606): CodeIgniter\Database\BaseConnection->simpleQuery()
 4 APPPATH/Views/layout/base.php(234): CodeIgniter\Database\BaseConnection->query()
 5 SYSTEMPATH/View/View.php(213): include('/home/digilead/public_html/shital/NewBeseen/newbeseen/app/Views/layout/base.php')
 6 SYSTEMPATH/View/View.php(216): CodeIgniter\View\View->CodeIgniter\View\{closure}()
 7 SYSTEMPATH/View/View.php(229): CodeIgniter\View\View->render()
 8 SYSTEMPATH/Common.php(1184): CodeIgniter\View\View->render()
 9 APPPATH/Controllers/Home.php(11): view()
10 SYSTEMPATH/CodeIgniter.php(934): App\Controllers\Home->index()
11 SYSTEMPATH/CodeIgniter.php(499): CodeIgniter\CodeIgniter->runController()
12 SYSTEMPATH/CodeIgniter.php(368): CodeIgniter\CodeIgniter->handleRequest()
13 FCPATH/index.php(67): CodeIgniter\CodeIgniter->run()
INFO - 2023-06-10 18:59:20 --> Session: Class initialized using 'CodeIgniter\Session\Handlers\FileHandler' driver.
INFO - 2023-06-10 18:59:25 --> Session: Class initialized using 'CodeIgniter\Session\Handlers\FileHandler' driver.
INFO - 2023-06-10 18:59:26 --> Session: Class initialized using 'CodeIgniter\Session\Handlers\FileHandler' driver.
INFO - 2023-06-10 18:59:29 --> Session: Class initialized using 'CodeIgniter\Session\Handlers\FileHandler' driver.
